[ 2017-06-06T01:37:18+08:00 ] 123.59.146.153 /
INFO: [ app_init ] --START--
INFO: Run Behavior\BuildLiteBehavior [ RunTime:0.000014s ]
INFO: [ app_init ] --END-- [ RunTime:0.000296s ]
INFO: [ app_begin ] --START--
INFO: Run Behavior\ReadHtmlCacheBehavior [ RunTime:0.000340s ]
INFO: [ app_begin ] --END-- [ RunTime:0.000420s ]

[ 2017-06-06T04:58:15+08:00 ] 179.216.205.63 /
INFO: [ app_init ] --START--
INFO: Run Behavior\BuildLiteBehavior [ RunTime:0.000014s ]
INFO: [ app_init ] --END-- [ RunTime:0.000290s ]
INFO: [ app_begin ] --START--
INFO: Run Behavior\ReadHtmlCacheBehavior [ RunTime:0.000346s ]
INFO: [ app_begin ] --END-- [ RunTime:0.000420s ]

[ 2017-06-06T05:07:29+08:00 ] 113.52.203.104 /
INFO: [ app_init ] --START--
INFO: Run Behavior\BuildLiteBehavior [ RunTime:0.000015s ]
INFO: [ app_init ] --END-- [ RunTime:0.000281s ]
INFO: [ app_begin ] --START--
INFO: Run Behavior\ReadHtmlCacheBehavior [ RunTime:0.000353s ]
INFO: [ app_begin ] --END-- [ RunTime:0.000436s ]

[ 2017-06-06T07:42:29+08:00 ] 201.202.105.92 /
INFO: [ app_init ] --START--
INFO: Run Behavior\BuildLiteBehavior [ RunTime:0.000015s ]
INFO: [ app_init ] --END-- [ RunTime:0.000288s ]
INFO: [ app_begin ] --START--
INFO: Run Behavior\ReadHtmlCacheBehavior [ RunTime:0.000328s ]
INFO: [ app_begin ] --END-- [ RunTime:0.000406s ]

[ 2017-06-06T08:54:56+08:00 ] 86.144.152.52 /
INFO: [ app_init ] --START--
INFO: Run Behavior\BuildLiteBehavior [ RunTime:0.000015s ]
INFO: [ app_init ] --END-- [ RunTime:0.000282s ]
INFO: [ app_begin ] --START--
INFO: Run Behavior\ReadHtmlCacheBehavior [ RunTime:0.000338s ]
INFO: [ app_begin ] --END-- [ RunTime:0.000413s ]

[ 2017-06-06T10:26:45+08:00 ] 183.128.20.30 /index.php/Home/login/login.html
INFO: [ app_init ] --START--
INFO: Run Behavior\BuildLiteBehavior [ RunTime:0.000016s ]
INFO: [ app_init ] --END-- [ RunTime:0.000291s ]
INFO: [ app_begin ] --START--
INFO: Run Behavior\ReadHtmlCacheBehavior [ RunTime:0.000333s ]
INFO: [ app_begin ] --END-- [ RunTime:0.000408s ]
INFO: [ view_parse ] --START--
INFO: [ template_filter ] --START--
INFO: Run Behavior\ContentReplaceBehavior [ RunTime:0.000068s ]
INFO: [ template_filter ] --END-- [ RunTime:0.000156s ]
INFO: Run Behavior\ParseTemplateBehavior [ RunTime:0.004879s ]
INFO: [ view_parse ] --END-- [ RunTime:0.004955s ]
INFO: [ view_filter ] --START--
INFO: Run Behavior\WriteHtmlCacheBehavior [ RunTime:0.000102s ]
INFO: [ view_filter ] --END-- [ RunTime:0.000164s ]
INFO: [ app_end ] --START--
INFO: Run Behavior\ShowPageTraceBehavior [ RunTime:0.000362s ]
INFO: [ app_end ] --END-- [ RunTime:0.000447s ]

[ 2017-06-06T16:13:50+08:00 ] 180.153.160.24 /index.php/Home/clientmanage/pingCangSearch
INFO: [ app_init ] --START--
INFO: Run Behavior\BuildLiteBehavior [ RunTime:0.000015s ]
INFO: [ app_init ] --END-- [ RunTime:0.000283s ]
INFO: [ app_begin ] --START--
INFO: Run Behavior\ReadHtmlCacheBehavior [ RunTime:0.000339s ]
INFO: [ app_begin ] --END-- [ RunTime:0.000413s ]

[ 2017-06-06T16:13:50+08:00 ] 180.153.160.24 /index.php/Home/login/login.html
INFO: [ app_init ] --START--
INFO: Run Behavior\BuildLiteBehavior [ RunTime:0.000013s ]
INFO: [ app_init ] --END-- [ RunTime:0.000283s ]
INFO: [ app_begin ] --START--
INFO: Run Behavior\ReadHtmlCacheBehavior [ RunTime:0.000334s ]
INFO: [ app_begin ] --END-- [ RunTime:0.000410s ]
INFO: [ view_parse ] --START--
INFO: [ template_filter ] --START--
INFO: Run Behavior\ContentReplaceBehavior [ RunTime:0.000064s ]
INFO: [ template_filter ] --END-- [ RunTime:0.000149s ]
INFO: Run Behavior\ParseTemplateBehavior [ RunTime:0.004861s ]
INFO: [ view_parse ] --END-- [ RunTime:0.004934s ]
INFO: [ view_filter ] --START--
INFO: Run Behavior\WriteHtmlCacheBehavior [ RunTime:0.000098s ]
INFO: [ view_filter ] --END-- [ RunTime:0.000157s ]
INFO: [ app_end ] --START--
INFO: Run Behavior\ShowPageTraceBehavior [ RunTime:0.000372s ]
INFO: [ app_end ] --END-- [ RunTime:0.000450s ]

[ 2017-06-06T16:18:33+08:00 ] 183.128.20.30 /index.php/Home/login/login.html
INFO: [ app_init ] --START--
INFO: Run Behavior\BuildLiteBehavior [ RunTime:0.000020s ]
INFO: [ app_init ] --END-- [ RunTime:0.000414s ]
INFO: [ app_begin ] --START--
INFO: Run Behavior\ReadHtmlCacheBehavior [ RunTime:0.000485s ]
INFO: [ app_begin ] --END-- [ RunTime:0.000593s ]
INFO: [ view_parse ] --START--
INFO: [ template_filter ] --START--
INFO: Run Behavior\ContentReplaceBehavior [ RunTime:0.000067s ]
INFO: [ template_filter ] --END-- [ RunTime:0.000156s ]
INFO: Run Behavior\ParseTemplateBehavior [ RunTime:0.006568s ]
INFO: [ view_parse ] --END-- [ RunTime:0.006651s ]
INFO: [ view_filter ] --START--
INFO: Run Behavior\WriteHtmlCacheBehavior [ RunTime:0.000102s ]
INFO: [ view_filter ] --END-- [ RunTime:0.000163s ]
INFO: [ app_end ] --START--
INFO: Run Behavior\ShowPageTraceBehavior [ RunTime:0.000360s ]
INFO: [ app_end ] --END-- [ RunTime:0.000492s ]

[ 2017-06-06T16:18:53+08:00 ] 183.128.20.30 /index.php/Home/login/login.html
INFO: [ app_init ] --START--
INFO: Run Behavior\BuildLiteBehavior [ RunTime:0.000014s ]
INFO: [ app_init ] --END-- [ RunTime:0.000292s ]
INFO: [ app_begin ] --START--
INFO: Run Behavior\ReadHtmlCacheBehavior [ RunTime:0.000327s ]
INFO: [ app_begin ] --END-- [ RunTime:0.000400s ]
INFO: [ view_parse ] --START--
INFO: [ template_filter ] --START--
INFO: Run Behavior\ContentReplaceBehavior [ RunTime:0.000067s ]
INFO: [ template_filter ] --END-- [ RunTime:0.000145s ]
INFO: Run Behavior\ParseTemplateBehavior [ RunTime:0.004825s ]
INFO: [ view_parse ] --END-- [ RunTime:0.004899s ]
INFO: [ view_filter ] --START--
INFO: Run Behavior\WriteHtmlCacheBehavior [ RunTime:0.000097s ]
INFO: [ view_filter ] --END-- [ RunTime:0.000153s ]
INFO: [ app_end ] --START--
INFO: Run Behavior\ShowPageTraceBehavior [ RunTime:0.000362s ]
INFO: [ app_end ] --END-- [ RunTime:0.000445s ]

[ 2017-06-06T16:19:13+08:00 ] 183.128.20.30 /index.php/Home/login/dologin
INFO: [ app_init ] --START--
INFO: Run Behavior\BuildLiteBehavior [ RunTime:0.000017s ]
INFO: [ app_init ] --END-- [ RunTime:0.000295s ]
INFO: [ app_begin ] --START--
INFO: Run Behavior\ReadHtmlCacheBehavior [ RunTime:0.000331s ]
INFO: [ app_begin ] --END-- [ RunTime:0.000400s ]
SQL: SHOW COLUMNS FROM `admin_user` [ RunTime:0.055857s ]
SQL: SELECT * FROM `admin_user` WHERE `uid` = 'adminuser' AND `pass` = 'e10adc3949ba59abbe56e057f20f883e' AND `status` = 0 LIMIT 1   [ RunTime:0.004793s ]

[ 2017-06-06T16:19:15+08:00 ] 183.128.20.30 /index.php/Home/accountmanage/usermanage
INFO: [ app_init ] --START--
INFO: Run Behavior\BuildLiteBehavior [ RunTime:0.000014s ]
INFO: [ app_init ] --END-- [ RunTime:0.000273s ]
INFO: [ app_begin ] --START--
INFO: Run Behavior\ReadHtmlCacheBehavior [ RunTime:0.000329s ]
INFO: [ app_begin ] --END-- [ RunTime:0.000403s ]
INFO: [ view_parse ] --START--
INFO: [ template_filter ] --START--
INFO: Run Behavior\ContentReplaceBehavior [ RunTime:0.000095s ]
INFO: [ template_filter ] --END-- [ RunTime:0.000173s ]
INFO: Run Behavior\ParseTemplateBehavior [ RunTime:0.010212s ]
INFO: [ view_parse ] --END-- [ RunTime:0.010286s ]
INFO: [ view_filter ] --START--
INFO: Run Behavior\WriteHtmlCacheBehavior [ RunTime:0.000098s ]
INFO: [ view_filter ] --END-- [ RunTime:0.000157s ]
INFO: [ app_end ] --START--
INFO: Run Behavior\ShowPageTraceBehavior [ RunTime:0.000373s ]
INFO: [ app_end ] --END-- [ RunTime:0.000455s ]

[ 2017-06-06T16:19:17+08:00 ] 183.128.20.30 /index.php/Home/member/getList
INFO: [ app_init ] --START--
INFO: Run Behavior\BuildLiteBehavior [ RunTime:0.000014s ]
INFO: [ app_init ] --END-- [ RunTime:0.000304s ]
INFO: [ app_begin ] --START--
INFO: Run Behavior\ReadHtmlCacheBehavior [ RunTime:0.000327s ]
INFO: [ app_begin ] --END-- [ RunTime:0.000393s ]
SQL: SHOW COLUMNS FROM `member_info` [ RunTime:0.016947s ]
SQL: SELECT COUNT(*) AS tp_count FROM `member_info` WHERE `uid` = 1 LIMIT 1   [ RunTime:0.003570s ]
NOTIC: [8] Undefined index: limit /usr/local/nginx/html/ThinkPHP/Library/Think/Db.class.php 第 786 行.
SQL: SELECT * FROM `member_info` WHERE `uid` = 1 LIMIT 0,20   [ RunTime:0.003612s ]
SQL: SHOW COLUMNS FROM `agent_info` [ RunTime:0.005067s ]
SQL: SELECT * FROM `agent_info` WHERE `memberid` = '6'  [ RunTime:0.003755s ]
NOTIC: [2] Division by zero /usr/local/nginx/html/Application/Home/Controller/MemberController.class.php 第 62 行.

[ 2017-06-06T16:19:17+08:00 ] 183.128.20.30 /index.php/Home/adminuser/getList
INFO: [ app_init ] --START--
INFO: Run Behavior\BuildLiteBehavior [ RunTime:0.000015s ]
INFO: [ app_init ] --END-- [ RunTime:0.000279s ]
INFO: [ app_begin ] --START--
INFO: Run Behavior\ReadHtmlCacheBehavior [ RunTime:0.000341s ]
INFO: [ app_begin ] --END-- [ RunTime:0.000414s ]
SQL: SHOW COLUMNS FROM `admin_user` [ RunTime:0.003655s ]
NOTIC: [8] Undefined index: starTime /usr/local/nginx/html/Application/Home/Controller/AdminuserController.class.php 第 36 行.
NOTIC: [8] Undefined index: endTime /usr/local/nginx/html/Application/Home/Controller/AdminuserController.class.php 第 37 行.
NOTIC: [8] Use of undefined constant id - assumed 'id' /usr/local/nginx/html/Application/Home/Controller/AdminuserController.class.php 第 64 行.
SQL: SELECT COUNT(*) AS tp_count FROM `admin_user` WHERE `pid` = 1 LIMIT 1   [ RunTime:0.002952s ]
SQL: SELECT * FROM `admin_user` WHERE `pid` = 1 LIMIT 0,10   [ RunTime:0.003186s ]
SQL: SHOW COLUMNS FROM `member_info` [ RunTime:0.003386s ]
SQL: SELECT * FROM `member_info` WHERE `memberid` IN ('2','6')  [ RunTime:0.003051s ]

[ 2017-06-06T17:49:53+08:00 ] 183.128.20.30 /index.php/Home/accountmanage/orgManage
INFO: [ app_init ] --START--
INFO: Run Behavior\BuildLiteBehavior [ RunTime:0.000015s ]
INFO: [ app_init ] --END-- [ RunTime:0.000296s ]
INFO: [ app_begin ] --START--
INFO: Run Behavior\ReadHtmlCacheBehavior [ RunTime:0.000340s ]
INFO: [ app_begin ] --END-- [ RunTime:0.000413s ]
INFO: [ view_parse ] --START--
INFO: [ template_filter ] --START--
INFO: Run Behavior\ContentReplaceBehavior [ RunTime:0.000088s ]
INFO: [ template_filter ] --END-- [ RunTime:0.000164s ]
INFO: Run Behavior\ParseTemplateBehavior [ RunTime:0.009179s ]
INFO: [ view_parse ] --END-- [ RunTime:0.009256s ]
INFO: [ view_filter ] --START--
INFO: Run Behavior\WriteHtmlCacheBehavior [ RunTime:0.000105s ]
INFO: [ view_filter ] --END-- [ RunTime:0.000171s ]
INFO: [ app_end ] --START--
INFO: Run Behavior\ShowPageTraceBehavior [ RunTime:0.000374s ]
INFO: [ app_end ] --END-- [ RunTime:0.000464s ]

[ 2017-06-06T17:49:53+08:00 ] 183.128.20.30 /index.php/Home/member/getList
INFO: [ app_init ] --START--
INFO: Run Behavior\BuildLiteBehavior [ RunTime:0.000013s ]
INFO: [ app_init ] --END-- [ RunTime:0.000275s ]
INFO: [ app_begin ] --START--
INFO: Run Behavior\ReadHtmlCacheBehavior [ RunTime:0.000326s ]
INFO: [ app_begin ] --END-- [ RunTime:0.000395s ]
SQL: SHOW COLUMNS FROM `member_info` [ RunTime:0.004008s ]
SQL: SELECT COUNT(*) AS tp_count FROM `member_info` WHERE `uid` = 1 LIMIT 1   [ RunTime:0.002960s ]
SQL: SELECT * FROM `member_info` WHERE `uid` = 1 LIMIT 0,10   [ RunTime:0.003062s ]
SQL: SHOW COLUMNS FROM `agent_info` [ RunTime:0.003450s ]
SQL: SELECT * FROM `agent_info` WHERE `memberid` = '6'  [ RunTime:0.003169s ]

[ 2017-06-06T17:49:53+08:00 ] 183.128.20.30 /index.php/Home/member/getRootList
INFO: [ app_init ] --START--
INFO: Run Behavior\BuildLiteBehavior [ RunTime:0.000013s ]
INFO: [ app_init ] --END-- [ RunTime:0.000274s ]
INFO: [ app_begin ] --START--
INFO: Run Behavior\ReadHtmlCacheBehavior [ RunTime:0.000333s ]
INFO: [ app_begin ] --END-- [ RunTime:0.000401s ]
SQL: SHOW COLUMNS FROM `member_info` [ RunTime:0.004010s ]
SQL: SELECT * FROM `member_info` WHERE `uid` = 1 AND `superMemberid` = 0  [ RunTime:0.003800s ]

[ 2017-06-06T17:49:55+08:00 ] 183.128.20.30 /index.php/Home/accountmanage/brokerManage
INFO: [ app_init ] --START--
INFO: Run Behavior\BuildLiteBehavior [ RunTime:0.000013s ]
INFO: [ app_init ] --END-- [ RunTime:0.000284s ]
INFO: [ app_begin ] --START--
INFO: Run Behavior\ReadHtmlCacheBehavior [ RunTime:0.000331s ]
INFO: [ app_begin ] --END-- [ RunTime:0.000411s ]
INFO: [ view_parse ] --START--
INFO: [ template_filter ] --START--
INFO: Run Behavior\ContentReplaceBehavior [ RunTime:0.000086s ]
INFO: [ template_filter ] --END-- [ RunTime:0.000158s ]
INFO: Run Behavior\ParseTemplateBehavior [ RunTime:0.008150s ]
INFO: [ view_parse ] --END-- [ RunTime:0.008223s ]
INFO: [ view_filter ] --START--
INFO: Run Behavior\WriteHtmlCacheBehavior [ RunTime:0.000099s ]
INFO: [ view_filter ] --END-- [ RunTime:0.000158s ]
INFO: [ app_end ] --START--
INFO: Run Behavior\ShowPageTraceBehavior [ RunTime:0.000357s ]
INFO: [ app_end ] --END-- [ RunTime:0.000423s ]

[ 2017-06-06T17:49:55+08:00 ] 183.128.20.30 /index.php/Home/member/getList
INFO: [ app_init ] --START--
INFO: Run Behavior\BuildLiteBehavior [ RunTime:0.000015s ]
INFO: [ app_init ] --END-- [ RunTime:0.000282s ]
INFO: [ app_begin ] --START--
INFO: Run Behavior\ReadHtmlCacheBehavior [ RunTime:0.000323s ]
INFO: [ app_begin ] --END-- [ RunTime:0.000391s ]
SQL: SHOW COLUMNS FROM `member_info` [ RunTime:0.004782s ]
SQL: SELECT COUNT(*) AS tp_count FROM `member_info` WHERE `uid` = 1 LIMIT 1   [ RunTime:0.004309s ]
NOTIC: [8] Undefined index: limit /usr/local/nginx/html/ThinkPHP/Library/Think/Db.class.php 第 786 行.
SQL: SELECT * FROM `member_info` WHERE `uid` = 1 LIMIT 0,20   [ RunTime:0.004400s ]
SQL: SHOW COLUMNS FROM `agent_info` [ RunTime:0.004644s ]
SQL: SELECT * FROM `agent_info` WHERE `memberid` = '6'  [ RunTime:0.004254s ]
NOTIC: [2] Division by zero /usr/local/nginx/html/Application/Home/Controller/MemberController.class.php 第 62 行.

[ 2017-06-06T17:49:55+08:00 ] 183.128.20.30 /index.php/Home/agent/getList
INFO: [ app_init ] --START--
INFO: Run Behavior\BuildLiteBehavior [ RunTime:0.000015s ]
INFO: [ app_init ] --END-- [ RunTime:0.000303s ]
INFO: [ app_begin ] --START--
INFO: Run Behavior\ReadHtmlCacheBehavior [ RunTime:0.000367s ]
INFO: [ app_begin ] --END-- [ RunTime:0.000441s ]
SQL: SHOW COLUMNS FROM `member_info` [ RunTime:0.004891s ]
SQL: SHOW COLUMNS FROM `agent_info` [ RunTime:0.004844s ]
SQL: SELECT COUNT(*) AS tp_count FROM `agent_info` WHERE `uid` = '1' LIMIT 1   [ RunTime:0.004331s ]
SQL: SELECT * FROM `agent_info` WHERE `uid` = '1' LIMIT 0,10   [ RunTime:0.004334s ]
SQL: SELECT * FROM `member_info` WHERE `memberid` = 6 LIMIT 1   [ RunTime:0.004264s ]
SQL: SELECT * FROM `member_info` WHERE `memberid` = 6 LIMIT 1   [ RunTime:0.004326s ]

[ 2017-06-06T17:49:55+08:00 ] 183.128.20.30 /index.php/Home/member/getRootList
INFO: [ app_init ] --START--
INFO: Run Behavior\BuildLiteBehavior [ RunTime:0.000015s ]
INFO: [ app_init ] --END-- [ RunTime:0.000297s ]
INFO: [ app_begin ] --START--
INFO: Run Behavior\ReadHtmlCacheBehavior [ RunTime:0.000371s ]
INFO: [ app_begin ] --END-- [ RunTime:0.000455s ]
SQL: SHOW COLUMNS FROM `member_info` [ RunTime:0.004603s ]
SQL: SELECT * FROM `member_info` WHERE `uid` = 1 AND `superMemberid` = 0  [ RunTime:0.004265s ]

[ 2017-06-06T17:49:56+08:00 ] 183.128.20.30 /index.php/Home/accountmanage/orgManage
INFO: [ app_init ] --START--
INFO: Run Behavior\BuildLiteBehavior [ RunTime:0.000013s ]
INFO: [ app_init ] --END-- [ RunTime:0.000277s ]
INFO: [ app_begin ] --START--
INFO: Run Behavior\ReadHtmlCacheBehavior [ RunTime:0.000346s ]
INFO: [ app_begin ] --END-- [ RunTime:0.000416s ]
INFO: [ view_parse ] --START--
INFO: [ template_filter ] --START--
INFO: Run Behavior\ContentReplaceBehavior [ RunTime:0.000090s ]
INFO: [ template_filter ] --END-- [ RunTime:0.000165s ]
INFO: Run Behavior\ParseTemplateBehavior [ RunTime:0.009126s ]
INFO: [ view_parse ] --END-- [ RunTime:0.009204s ]
INFO: [ view_filter ] --START--
INFO: Run Behavior\WriteHtmlCacheBehavior [ RunTime:0.000099s ]
INFO: [ view_filter ] --END-- [ RunTime:0.000172s ]
INFO: [ app_end ] --START--
INFO: Run Behavior\ShowPageTraceBehavior [ RunTime:0.000374s ]
INFO: [ app_end ] --END-- [ RunTime:0.000459s ]

[ 2017-06-06T17:49:57+08:00 ] 183.128.20.30 /index.php/Home/member/getList
INFO: [ app_init ] --START--
INFO: Run Behavior\BuildLiteBehavior [ RunTime:0.000015s ]
INFO: [ app_init ] --END-- [ RunTime:0.000280s ]
INFO: [ app_begin ] --START--
INFO: Run Behavior\ReadHtmlCacheBehavior [ RunTime:0.000326s ]
INFO: [ app_begin ] --END-- [ RunTime:0.000396s ]
SQL: SHOW COLUMNS FROM `member_info` [ RunTime:0.004950s ]
SQL: SELECT COUNT(*) AS tp_count FROM `member_info` WHERE `uid` = 1 LIMIT 1   [ RunTime:0.004418s ]
SQL: SELECT * FROM `member_info` WHERE `uid` = 1 LIMIT 0,10   [ RunTime:0.004535s ]
SQL: SHOW COLUMNS FROM `agent_info` [ RunTime:0.004783s ]
SQL: SELECT * FROM `agent_info` WHERE `memberid` = '6'  [ RunTime:0.004447s ]

[ 2017-06-06T17:49:57+08:00 ] 183.128.20.30 /index.php/Home/member/getRootList
INFO: [ app_init ] --START--
INFO: Run Behavior\BuildLiteBehavior [ RunTime:0.000014s ]
INFO: [ app_init ] --END-- [ RunTime:0.000275s ]
INFO: [ app_begin ] --START--
INFO: Run Behavior\ReadHtmlCacheBehavior [ RunTime:0.000349s ]
INFO: [ app_begin ] --END-- [ RunTime:0.000418s ]
SQL: SHOW COLUMNS FROM `member_info` [ RunTime:0.004245s ]
SQL: SELECT * FROM `member_info` WHERE `uid` = 1 AND `superMemberid` = 0  [ RunTime:0.003676s ]

[ 2017-06-06T17:49:57+08:00 ] 183.128.20.30 /index.php/Home/accountmanage/userManage
INFO: [ app_init ] --START--
INFO: Run Behavior\BuildLiteBehavior [ RunTime:0.000014s ]
INFO: [ app_init ] --END-- [ RunTime:0.000282s ]
INFO: [ app_begin ] --START--
INFO: Run Behavior\ReadHtmlCacheBehavior [ RunTime:0.000328s ]
INFO: [ app_begin ] --END-- [ RunTime:0.000402s ]
INFO: [ view_parse ] --START--
INFO: [ template_filter ] --START--
INFO: Run Behavior\ContentReplaceBehavior [ RunTime:0.000095s ]
INFO: [ template_filter ] --END-- [ RunTime:0.000168s ]
INFO: Run Behavior\ParseTemplateBehavior [ RunTime:0.010192s ]
INFO: [ view_parse ] --END-- [ RunTime:0.010266s ]
INFO: [ view_filter ] --START--
INFO: Run Behavior\WriteHtmlCacheBehavior [ RunTime:0.000099s ]
INFO: [ view_filter ] --END-- [ RunTime:0.000159s ]
INFO: [ app_end ] --START--
INFO: Run Behavior\ShowPageTraceBehavior [ RunTime:0.000370s ]
INFO: [ app_end ] --END-- [ RunTime:0.000456s ]

[ 2017-06-06T17:49:58+08:00 ] 183.128.20.30 /index.php/Home/member/getList
INFO: [ app_init ] --START--
INFO: Run Behavior\BuildLiteBehavior [ RunTime:0.000020s ]
INFO: [ app_init ] --END-- [ RunTime:0.000415s ]
INFO: [ app_begin ] --START--
INFO: Run Behavior\ReadHtmlCacheBehavior [ RunTime:0.000329s ]
INFO: [ app_begin ] --END-- [ RunTime:0.000398s ]
SQL: SHOW COLUMNS FROM `member_info` [ RunTime:0.004975s ]
SQL: SELECT COUNT(*) AS tp_count FROM `member_info` WHERE `uid` = 1 LIMIT 1   [ RunTime:0.004270s ]
NOTIC: [8] Undefined index: limit /usr/local/nginx/html/ThinkPHP/Library/Think/Db.class.php 第 786 行.
SQL: SELECT * FROM `member_info` WHERE `uid` = 1 LIMIT 0,20   [ RunTime:0.004293s ]
SQL: SHOW COLUMNS FROM `agent_info` [ RunTime:0.004730s ]
SQL: SELECT * FROM `agent_info` WHERE `memberid` = '6'  [ RunTime:0.006206s ]
NOTIC: [2] Division by zero /usr/local/nginx/html/Application/Home/Controller/MemberController.class.php 第 62 行.

[ 2017-06-06T17:49:58+08:00 ] 183.128.20.30 /index.php/Home/adminuser/getList
INFO: [ app_init ] --START--
INFO: Run Behavior\BuildLiteBehavior [ RunTime:0.000015s ]
INFO: [ app_init ] --END-- [ RunTime:0.000282s ]
INFO: [ app_begin ] --START--
INFO: Run Behavior\ReadHtmlCacheBehavior [ RunTime:0.000328s ]
INFO: [ app_begin ] --END-- [ RunTime:0.000395s ]
SQL: SHOW COLUMNS FROM `admin_user` [ RunTime:0.004127s ]
NOTIC: [8] Undefined index: starTime /usr/local/nginx/html/Application/Home/Controller/AdminuserController.class.php 第 36 行.
NOTIC: [8] Undefined index: endTime /usr/local/nginx/html/Application/Home/Controller/AdminuserController.class.php 第 37 行.
NOTIC: [8] Use of undefined constant id - assumed 'id' /usr/local/nginx/html/Application/Home/Controller/AdminuserController.class.php 第 64 行.
SQL: SELECT COUNT(*) AS tp_count FROM `admin_user` WHERE `pid` = 1 LIMIT 1   [ RunTime:0.003558s ]
SQL: SELECT * FROM `admin_user` WHERE `pid` = 1 LIMIT 0,10   [ RunTime:0.003717s ]
SQL: SHOW COLUMNS FROM `member_info` [ RunTime:0.003768s ]
SQL: SELECT * FROM `member_info` WHERE `memberid` IN ('2','6')  [ RunTime:0.003434s ]

[ 2017-06-06T19:33:10+08:00 ] 185.35.63.154 /
INFO: [ app_init ] --START--
INFO: Run Behavior\BuildLiteBehavior [ RunTime:0.000014s ]
INFO: [ app_init ] --END-- [ RunTime:0.000283s ]
INFO: [ app_begin ] --START--
INFO: Run Behavior\ReadHtmlCacheBehavior [ RunTime:0.000331s ]
INFO: [ app_begin ] --END-- [ RunTime:0.000402s ]

[ 2017-06-06T23:43:58+08:00 ] 189.152.155.216 /
INFO: [ app_init ] --START--
INFO: Run Behavior\BuildLiteBehavior [ RunTime:0.000016s ]
INFO: [ app_init ] --END-- [ RunTime:0.000279s ]
INFO: [ app_begin ] --START--
INFO: Run Behavior\ReadHtmlCacheBehavior [ RunTime:0.000330s ]
INFO: [ app_begin ] --END-- [ RunTime:0.000403s ]

