[ 2017-06-23T10:32:51+08:00 ] 36.24.82.121 /htb/index.php
INFO: [ app_init ] --START--
INFO: Run Behavior\BuildLiteBehavior [ RunTime:0.000015s ]
INFO: [ app_init ] --END-- [ RunTime:0.000290s ]
INFO: [ app_begin ] --START--
INFO: Run Behavior\ReadHtmlCacheBehavior [ RunTime:0.000334s ]
INFO: [ app_begin ] --END-- [ RunTime:0.000409s ]

[ 2017-06-23T10:33:33+08:00 ] 36.24.82.121 /htb/index.php
INFO: [ app_init ] --START--
INFO: Run Behavior\BuildLiteBehavior [ RunTime:0.000014s ]
INFO: [ app_init ] --END-- [ RunTime:0.000292s ]
INFO: [ app_begin ] --START--
INFO: Run Behavior\ReadHtmlCacheBehavior [ RunTime:0.000330s ]
INFO: [ app_begin ] --END-- [ RunTime:0.000404s ]

[ 2017-06-23T10:35:06+08:00 ] 36.24.82.121 /htb/index.php
INFO: [ app_init ] --START--
INFO: Run Behavior\BuildLiteBehavior [ RunTime:0.000014s ]
INFO: [ app_init ] --END-- [ RunTime:0.000281s ]
INFO: [ app_begin ] --START--
INFO: Run Behavior\ReadHtmlCacheBehavior [ RunTime:0.000339s ]
INFO: [ app_begin ] --END-- [ RunTime:0.000412s ]

[ 2017-06-23T10:38:26+08:00 ] 36.24.82.121 /htb/index.php
INFO: [ app_init ] --START--
INFO: Run Behavior\BuildLiteBehavior [ RunTime:0.000015s ]
INFO: [ app_init ] --END-- [ RunTime:0.000287s ]
INFO: [ app_begin ] --START--
INFO: Run Behavior\ReadHtmlCacheBehavior [ RunTime:0.000334s ]
INFO: [ app_begin ] --END-- [ RunTime:0.000413s ]

[ 2017-06-23T10:43:07+08:00 ] 36.24.82.121 /htb/index.php
INFO: [ app_init ] --START--
INFO: Run Behavior\BuildLiteBehavior [ RunTime:0.000015s ]
INFO: [ app_init ] --END-- [ RunTime:0.000286s ]
INFO: [ app_begin ] --START--
INFO: Run Behavior\ReadHtmlCacheBehavior [ RunTime:0.000330s ]
INFO: [ app_begin ] --END-- [ RunTime:0.000404s ]

[ 2017-06-23T10:47:05+08:00 ] 36.24.82.121 /htb/index.php?m=home&c=login&a=login
INFO: [ app_init ] --START--
INFO: Run Behavior\BuildLiteBehavior [ RunTime:0.000016s ]
INFO: [ app_init ] --END-- [ RunTime:0.000293s ]
INFO: [ app_begin ] --START--
INFO: Run Behavior\ReadHtmlCacheBehavior [ RunTime:0.000330s ]
INFO: [ app_begin ] --END-- [ RunTime:0.000402s ]

[ 2017-06-23T10:47:26+08:00 ] 36.24.82.121 /htb/index.php?m=home&c=login&a=login
INFO: [ app_init ] --START--
INFO: Run Behavior\BuildLiteBehavior [ RunTime:0.000015s ]
INFO: [ app_init ] --END-- [ RunTime:0.000297s ]
INFO: [ app_begin ] --START--
INFO: Run Behavior\ReadHtmlCacheBehavior [ RunTime:0.000344s ]
INFO: [ app_begin ] --END-- [ RunTime:0.000421s ]

[ 2017-06-23T10:48:02+08:00 ] 36.24.82.121 /htb/index.php?m=Home&c=accountmanage&a=orgManage.html
INFO: [ app_init ] --START--
INFO: Run Behavior\BuildLiteBehavior [ RunTime:0.000015s ]
INFO: [ app_init ] --END-- [ RunTime:0.000281s ]
INFO: [ app_begin ] --START--
INFO: Run Behavior\ReadHtmlCacheBehavior [ RunTime:0.000332s ]
INFO: [ app_begin ] --END-- [ RunTime:0.000406s ]
ERR: 非法操作:orgManage.html

[ 2017-06-23T10:48:07+08:00 ] 36.24.82.121 /htb/index.php?m=Home&c=accountmanage&a=orgManage
INFO: [ app_init ] --START--
INFO: Run Behavior\BuildLiteBehavior [ RunTime:0.000014s ]
INFO: [ app_init ] --END-- [ RunTime:0.000277s ]
INFO: [ app_begin ] --START--
INFO: Run Behavior\ReadHtmlCacheBehavior [ RunTime:0.000335s ]
INFO: [ app_begin ] --END-- [ RunTime:0.000410s ]
INFO: [ view_parse ] --START--
INFO: [ template_filter ] --START--
INFO: Run Behavior\ContentReplaceBehavior [ RunTime:0.000090s ]
INFO: [ template_filter ] --END-- [ RunTime:0.000168s ]
NOTIC: [8] Undefined index: uid /usr/local/nginx/html/htb/Application/Runtime/Cache/Home/f9fd04e5b80eba162bc53b2c40da8b70.php 第 23 行.
INFO: Run Behavior\ParseTemplateBehavior [ RunTime:0.028226s ]
INFO: [ view_parse ] --END-- [ RunTime:0.028296s ]
INFO: [ view_filter ] --START--
INFO: Run Behavior\WriteHtmlCacheBehavior [ RunTime:0.000104s ]
INFO: [ view_filter ] --END-- [ RunTime:0.000168s ]
INFO: [ app_end ] --START--
INFO: Run Behavior\ShowPageTraceBehavior [ RunTime:0.000365s ]
INFO: [ app_end ] --END-- [ RunTime:0.000447s ]

[ 2017-06-23T10:51:12+08:00 ] 36.24.82.121 /htb/index.php
INFO: [ app_init ] --START--
INFO: Run Behavior\BuildLiteBehavior [ RunTime:0.000015s ]
INFO: [ app_init ] --END-- [ RunTime:0.000295s ]
INFO: [ app_begin ] --START--
INFO: Run Behavior\ReadHtmlCacheBehavior [ RunTime:0.000345s ]
INFO: [ app_begin ] --END-- [ RunTime:0.000443s ]

[ 2017-06-23T10:58:19+08:00 ] 36.24.82.121 /htb/index.php?m=Home&c=accountmanage&a=orgManage
INFO: [ app_init ] --START--
INFO: Run Behavior\BuildLiteBehavior [ RunTime:0.000018s ]
INFO: [ app_init ] --END-- [ RunTime:0.000283s ]
INFO: [ app_begin ] --START--
INFO: Run Behavior\ReadHtmlCacheBehavior [ RunTime:0.000328s ]
INFO: [ app_begin ] --END-- [ RunTime:0.000400s ]

[ 2017-06-23T11:04:06+08:00 ] 36.24.82.121 /htb/index.php?m=Home&c=accountmanage&a=orgManage
INFO: [ app_init ] --START--
INFO: Run Behavior\BuildLiteBehavior [ RunTime:0.000014s ]
INFO: [ app_init ] --END-- [ RunTime:0.000287s ]
INFO: [ app_begin ] --START--
INFO: Run Behavior\ReadHtmlCacheBehavior [ RunTime:0.000340s ]
INFO: [ app_begin ] --END-- [ RunTime:0.000414s ]
INFO: [ view_parse ] --START--
INFO: [ template_filter ] --START--
INFO: Run Behavior\ContentReplaceBehavior [ RunTime:0.000091s ]
INFO: [ template_filter ] --END-- [ RunTime:0.000173s ]
NOTIC: [8] Undefined index: uid /usr/local/nginx/html/htb/Application/Runtime/Cache/Home/f9fd04e5b80eba162bc53b2c40da8b70.php 第 23 行.
INFO: Run Behavior\ParseTemplateBehavior [ RunTime:0.009123s ]
INFO: [ view_parse ] --END-- [ RunTime:0.009191s ]
INFO: [ view_filter ] --START--
INFO: Run Behavior\WriteHtmlCacheBehavior [ RunTime:0.000103s ]
INFO: [ view_filter ] --END-- [ RunTime:0.000181s ]
INFO: [ app_end ] --START--
INFO: Run Behavior\ShowPageTraceBehavior [ RunTime:0.000371s ]
INFO: [ app_end ] --END-- [ RunTime:0.000449s ]

[ 2017-06-23T11:07:24+08:00 ] 36.24.82.121 /htb/index.php
INFO: [ app_init ] --START--
INFO: Run Behavior\BuildLiteBehavior [ RunTime:0.000014s ]
INFO: [ app_init ] --END-- [ RunTime:0.000292s ]
INFO: [ app_begin ] --START--
INFO: Run Behavior\ReadHtmlCacheBehavior [ RunTime:0.000334s ]
INFO: [ app_begin ] --END-- [ RunTime:0.000405s ]

[ 2017-06-23T11:09:40+08:00 ] 36.24.82.121 /htb/index.php
INFO: [ app_init ] --START--
INFO: Run Behavior\BuildLiteBehavior [ RunTime:0.000015s ]
INFO: [ app_init ] --END-- [ RunTime:0.000282s ]
INFO: [ app_begin ] --START--
INFO: Run Behavior\ReadHtmlCacheBehavior [ RunTime:0.000337s ]
INFO: [ app_begin ] --END-- [ RunTime:0.000410s ]

[ 2017-06-23T11:09:42+08:00 ] 36.24.82.121 /htb/index.php
INFO: [ app_init ] --START--
INFO: Run Behavior\BuildLiteBehavior [ RunTime:0.000013s ]
INFO: [ app_init ] --END-- [ RunTime:0.000273s ]
INFO: [ app_begin ] --START--
INFO: Run Behavior\ReadHtmlCacheBehavior [ RunTime:0.000335s ]
INFO: [ app_begin ] --END-- [ RunTime:0.000410s ]

[ 2017-06-23T11:14:09+08:00 ] 36.24.82.121 /htb/index.php
INFO: [ app_init ] --START--
INFO: Run Behavior\BuildLiteBehavior [ RunTime:0.000016s ]
INFO: [ app_init ] --END-- [ RunTime:0.000298s ]
INFO: [ app_begin ] --START--
INFO: Run Behavior\ReadHtmlCacheBehavior [ RunTime:0.000349s ]
INFO: [ app_begin ] --END-- [ RunTime:0.000439s ]

[ 2017-06-23T11:14:11+08:00 ] 36.24.82.121 /htb/index.php
INFO: [ app_init ] --START--
INFO: Run Behavior\BuildLiteBehavior [ RunTime:0.000014s ]
INFO: [ app_init ] --END-- [ RunTime:0.000280s ]
INFO: [ app_begin ] --START--
INFO: Run Behavior\ReadHtmlCacheBehavior [ RunTime:0.000330s ]
INFO: [ app_begin ] --END-- [ RunTime:0.000401s ]

[ 2017-06-23T11:14:12+08:00 ] 36.24.82.121 /htb/index.php
INFO: [ app_init ] --START--
INFO: Run Behavior\BuildLiteBehavior [ RunTime:0.000014s ]
INFO: [ app_init ] --END-- [ RunTime:0.000277s ]
INFO: [ app_begin ] --START--
INFO: Run Behavior\ReadHtmlCacheBehavior [ RunTime:0.000341s ]
INFO: [ app_begin ] --END-- [ RunTime:0.000414s ]

[ 2017-06-23T11:14:14+08:00 ] 36.24.82.121 /htb/index.php
INFO: [ app_init ] --START--
INFO: Run Behavior\BuildLiteBehavior [ RunTime:0.000013s ]
INFO: [ app_init ] --END-- [ RunTime:0.000279s ]
INFO: [ app_begin ] --START--
INFO: Run Behavior\ReadHtmlCacheBehavior [ RunTime:0.000333s ]
INFO: [ app_begin ] --END-- [ RunTime:0.000407s ]

[ 2017-06-23T11:14:57+08:00 ] 36.24.82.121 /htb/index.php
INFO: [ app_init ] --START--
INFO: Run Behavior\BuildLiteBehavior [ RunTime:0.000014s ]
INFO: [ app_init ] --END-- [ RunTime:0.000284s ]
INFO: [ app_begin ] --START--
INFO: Run Behavior\ReadHtmlCacheBehavior [ RunTime:0.000339s ]
INFO: [ app_begin ] --END-- [ RunTime:0.000414s ]

[ 2017-06-23T11:14:59+08:00 ] 36.24.82.121 /htb/index.php
INFO: [ app_init ] --START--
INFO: Run Behavior\BuildLiteBehavior [ RunTime:0.000015s ]
INFO: [ app_init ] --END-- [ RunTime:0.000277s ]
INFO: [ app_begin ] --START--
INFO: Run Behavior\ReadHtmlCacheBehavior [ RunTime:0.000334s ]
INFO: [ app_begin ] --END-- [ RunTime:0.000407s ]

[ 2017-06-23T11:15:00+08:00 ] 36.24.82.121 /htb/index.php
INFO: [ app_init ] --START--
INFO: Run Behavior\BuildLiteBehavior [ RunTime:0.000019s ]
INFO: [ app_init ] --END-- [ RunTime:0.000280s ]
INFO: [ app_begin ] --START--
INFO: Run Behavior\ReadHtmlCacheBehavior [ RunTime:0.000329s ]
INFO: [ app_begin ] --END-- [ RunTime:0.000405s ]

[ 2017-06-23T11:15:02+08:00 ] 36.24.82.121 /htb/index.php
INFO: [ app_init ] --START--
INFO: Run Behavior\BuildLiteBehavior [ RunTime:0.000014s ]
INFO: [ app_init ] --END-- [ RunTime:0.000279s ]
INFO: [ app_begin ] --START--
INFO: Run Behavior\ReadHtmlCacheBehavior [ RunTime:0.000326s ]
INFO: [ app_begin ] --END-- [ RunTime:0.000398s ]

[ 2017-06-23T11:17:58+08:00 ] 36.24.82.121 /htb/index.php
INFO: [ app_init ] --START--
INFO: Run Behavior\BuildLiteBehavior [ RunTime:0.000015s ]
INFO: [ app_init ] --END-- [ RunTime:0.000280s ]
INFO: [ app_begin ] --START--
INFO: Run Behavior\ReadHtmlCacheBehavior [ RunTime:0.000340s ]
INFO: [ app_begin ] --END-- [ RunTime:0.000420s ]

[ 2017-06-23T11:17:59+08:00 ] 36.24.82.121 /htb/index.php
INFO: [ app_init ] --START--
INFO: Run Behavior\BuildLiteBehavior [ RunTime:0.000015s ]
INFO: [ app_init ] --END-- [ RunTime:0.000281s ]
INFO: [ app_begin ] --START--
INFO: Run Behavior\ReadHtmlCacheBehavior [ RunTime:0.000327s ]
INFO: [ app_begin ] --END-- [ RunTime:0.000400s ]

[ 2017-06-23T11:18:44+08:00 ] 36.24.82.121 /htb/index.php
INFO: [ app_init ] --START--
INFO: Run Behavior\BuildLiteBehavior [ RunTime:0.000015s ]
INFO: [ app_init ] --END-- [ RunTime:0.000279s ]
INFO: [ app_begin ] --START--
INFO: Run Behavior\ReadHtmlCacheBehavior [ RunTime:0.000358s ]
INFO: [ app_begin ] --END-- [ RunTime:0.000432s ]

[ 2017-06-23T11:18:45+08:00 ] 36.24.82.121 /htb/index.php
INFO: [ app_init ] --START--
INFO: Run Behavior\BuildLiteBehavior [ RunTime:0.000013s ]
INFO: [ app_init ] --END-- [ RunTime:0.000275s ]
INFO: [ app_begin ] --START--
INFO: Run Behavior\ReadHtmlCacheBehavior [ RunTime:0.000330s ]
INFO: [ app_begin ] --END-- [ RunTime:0.000408s ]

[ 2017-06-23T11:18:47+08:00 ] 36.24.82.121 /htb/index.php
INFO: [ app_init ] --START--
INFO: Run Behavior\BuildLiteBehavior [ RunTime:0.000014s ]
INFO: [ app_init ] --END-- [ RunTime:0.000278s ]
INFO: [ app_begin ] --START--
INFO: Run Behavior\ReadHtmlCacheBehavior [ RunTime:0.000332s ]
INFO: [ app_begin ] --END-- [ RunTime:0.000412s ]

[ 2017-06-23T11:18:49+08:00 ] 36.24.82.121 /htb/index.php
INFO: [ app_init ] --START--
INFO: Run Behavior\BuildLiteBehavior [ RunTime:0.000014s ]
INFO: [ app_init ] --END-- [ RunTime:0.000273s ]
INFO: [ app_begin ] --START--
INFO: Run Behavior\ReadHtmlCacheBehavior [ RunTime:0.000332s ]
INFO: [ app_begin ] --END-- [ RunTime:0.000406s ]

[ 2017-06-23T11:18:51+08:00 ] 36.24.82.121 /htb/index.php
INFO: [ app_init ] --START--
INFO: Run Behavior\BuildLiteBehavior [ RunTime:0.000014s ]
INFO: [ app_init ] --END-- [ RunTime:0.000276s ]
INFO: [ app_begin ] --START--
INFO: Run Behavior\ReadHtmlCacheBehavior [ RunTime:0.000332s ]
INFO: [ app_begin ] --END-- [ RunTime:0.000407s ]

[ 2017-06-23T13:45:46+08:00 ] 36.24.82.121 /htb/index.php
INFO: [ app_init ] --START--
INFO: Run Behavior\BuildLiteBehavior [ RunTime:0.000016s ]
INFO: [ app_init ] --END-- [ RunTime:0.000551s ]
INFO: [ app_begin ] --START--
INFO: Run Behavior\ReadHtmlCacheBehavior [ RunTime:0.000441s ]
INFO: [ app_begin ] --END-- [ RunTime:0.000538s ]

[ 2017-06-23T13:58:55+08:00 ] 36.24.82.121 /htb/index.php/Home/login/login
INFO: [ app_init ] --START--
INFO: Run Behavior\BuildLiteBehavior [ RunTime:0.000016s ]
INFO: [ app_init ] --END-- [ RunTime:0.000333s ]
INFO: [ app_begin ] --START--
INFO: Run Behavior\ReadHtmlCacheBehavior [ RunTime:0.000359s ]
INFO: [ app_begin ] --END-- [ RunTime:0.000451s ]

[ 2017-06-23T14:02:10+08:00 ] 36.24.82.121 /htb/index.php/Home/accountmanage/orgManage.html
INFO: [ app_init ] --START--
INFO: Run Behavior\BuildLiteBehavior [ RunTime:0.000016s ]
INFO: [ app_init ] --END-- [ RunTime:0.000334s ]
INFO: [ app_begin ] --START--
INFO: Run Behavior\ReadHtmlCacheBehavior [ RunTime:0.000360s ]
INFO: [ app_begin ] --END-- [ RunTime:0.000450s ]
INFO: [ view_parse ] --START--
INFO: [ template_filter ] --START--
INFO: Run Behavior\ContentReplaceBehavior [ RunTime:0.000095s ]
INFO: [ template_filter ] --END-- [ RunTime:0.000181s ]
NOTIC: [8] Undefined index: uid /usr/local/nginx/html/htb/Application/Runtime/Cache/Home/f9fd04e5b80eba162bc53b2c40da8b70.php 第 23 行.
INFO: Run Behavior\ParseTemplateBehavior [ RunTime:0.029073s ]
INFO: [ view_parse ] --END-- [ RunTime:0.029205s ]
INFO: [ view_filter ] --START--
INFO: Run Behavior\WriteHtmlCacheBehavior [ RunTime:0.003674s ]
INFO: [ view_filter ] --END-- [ RunTime:0.003740s ]
INFO: [ app_end ] --START--
INFO: Run Behavior\ShowPageTraceBehavior [ RunTime:0.000548s ]
INFO: [ app_end ] --END-- [ RunTime:0.000647s ]

[ 2017-06-23T14:02:11+08:00 ] 36.24.82.121 /htb/index.php/Home/member/getRootList
INFO: [ app_init ] --START--
INFO: Run Behavior\BuildLiteBehavior [ RunTime:0.000016s ]
INFO: [ app_init ] --END-- [ RunTime:0.000321s ]
INFO: [ app_begin ] --START--
INFO: Run Behavior\ReadHtmlCacheBehavior [ RunTime:0.000354s ]
INFO: [ app_begin ] --END-- [ RunTime:0.000434s ]
SQL: SHOW COLUMNS FROM `member_info` [ RunTime:0.035612s ]
SQL: SELECT * FROM `member_info` WHERE `uid` = 1 AND `superMemberid` = 0  [ RunTime:0.072234s ]

[ 2017-06-23T14:02:11+08:00 ] 36.24.82.121 /htb/index.php/Home/member/getList
INFO: [ app_init ] --START--
INFO: Run Behavior\BuildLiteBehavior [ RunTime:0.000015s ]
INFO: [ app_init ] --END-- [ RunTime:0.000323s ]
INFO: [ app_begin ] --START--
INFO: Run Behavior\ReadHtmlCacheBehavior [ RunTime:0.000347s ]
INFO: [ app_begin ] --END-- [ RunTime:0.000429s ]
SQL: SHOW COLUMNS FROM `member_info` [ RunTime:0.005950s ]
SQL: SELECT COUNT(*) AS tp_count FROM `member_info` WHERE `uid` = 1 LIMIT 1   [ RunTime:0.013520s ]
SQL: SELECT * FROM `member_info` WHERE `uid` = 1 LIMIT 0,10   [ RunTime:0.004650s ]
SQL: SHOW COLUMNS FROM `agent_info` [ RunTime:0.005029s ]
SQL: SELECT * FROM `agent_info` WHERE `memberid` = '6'  [ RunTime:0.004829s ]

[ 2017-06-23T14:02:17+08:00 ] 36.24.82.121 /htb/index.php/Home/accountmanage/brokerManage
INFO: [ app_init ] --START--
INFO: Run Behavior\BuildLiteBehavior [ RunTime:0.000015s ]
INFO: [ app_init ] --END-- [ RunTime:0.000325s ]
INFO: [ app_begin ] --START--
INFO: Run Behavior\ReadHtmlCacheBehavior [ RunTime:0.000371s ]
INFO: [ app_begin ] --END-- [ RunTime:0.000472s ]
INFO: [ view_parse ] --START--
INFO: [ template_filter ] --START--
INFO: Run Behavior\ContentReplaceBehavior [ RunTime:0.000096s ]
INFO: [ template_filter ] --END-- [ RunTime:0.000175s ]
NOTIC: [8] Undefined index: uid /usr/local/nginx/html/htb/Application/Runtime/Cache/Home/68aee16bc260cf2d76594576f86ca107.php 第 23 行.
INFO: Run Behavior\ParseTemplateBehavior [ RunTime:0.023222s ]
INFO: [ view_parse ] --END-- [ RunTime:0.023301s ]
INFO: [ view_filter ] --START--
INFO: Run Behavior\WriteHtmlCacheBehavior [ RunTime:0.000104s ]
INFO: [ view_filter ] --END-- [ RunTime:0.000165s ]
INFO: [ app_end ] --START--
INFO: Run Behavior\ShowPageTraceBehavior [ RunTime:0.000359s ]
INFO: [ app_end ] --END-- [ RunTime:0.000440s ]

[ 2017-06-23T14:02:18+08:00 ] 36.24.82.121 /htb/index.php/Home/member/getList
INFO: [ app_init ] --START--
INFO: Run Behavior\BuildLiteBehavior [ RunTime:0.000017s ]
INFO: [ app_init ] --END-- [ RunTime:0.000347s ]
INFO: [ app_begin ] --START--
INFO: Run Behavior\ReadHtmlCacheBehavior [ RunTime:0.000378s ]
INFO: [ app_begin ] --END-- [ RunTime:0.000465s ]
SQL: SHOW COLUMNS FROM `member_info` [ RunTime:0.003364s ]
SQL: SELECT COUNT(*) AS tp_count FROM `member_info` WHERE `uid` = 1 LIMIT 1   [ RunTime:0.002912s ]
NOTIC: [8] Undefined index: limit /usr/local/nginx/html/htb/ThinkPHP/Library/Think/Db.class.php 第 786 行.
SQL: SELECT * FROM `member_info` WHERE `uid` = 1 LIMIT 0,20   [ RunTime:0.002822s ]
SQL: SHOW COLUMNS FROM `agent_info` [ RunTime:0.003100s ]
SQL: SELECT * FROM `agent_info` WHERE `memberid` = '6'  [ RunTime:0.002914s ]
NOTIC: [2] Division by zero /usr/local/nginx/html/htb/Application/Home/Controller/MemberController.class.php 第 62 行.

[ 2017-06-23T14:02:18+08:00 ] 36.24.82.121 /htb/index.php/Home/agent/getList
INFO: [ app_init ] --START--
INFO: Run Behavior\BuildLiteBehavior [ RunTime:0.000018s ]
INFO: [ app_init ] --END-- [ RunTime:0.000366s ]
INFO: [ app_begin ] --START--
INFO: Run Behavior\ReadHtmlCacheBehavior [ RunTime:0.000376s ]
INFO: [ app_begin ] --END-- [ RunTime:0.000454s ]
SQL: SHOW COLUMNS FROM `member_info` [ RunTime:0.004963s ]
SQL: SHOW COLUMNS FROM `agent_info` [ RunTime:0.004567s ]
SQL: SELECT COUNT(*) AS tp_count FROM `agent_info` WHERE `uid` = '1' LIMIT 1   [ RunTime:0.004319s ]
SQL: SELECT * FROM `agent_info` WHERE `uid` = '1' LIMIT 0,10   [ RunTime:0.004409s ]
SQL: SELECT * FROM `member_info` WHERE `memberid` = 6 LIMIT 1   [ RunTime:0.004447s ]
SQL: SELECT * FROM `member_info` WHERE `memberid` = 6 LIMIT 1   [ RunTime:0.004388s ]

[ 2017-06-23T14:02:18+08:00 ] 36.24.82.121 /htb/index.php/Home/member/getRootList
INFO: [ app_init ] --START--
INFO: Run Behavior\BuildLiteBehavior [ RunTime:0.000016s ]
INFO: [ app_init ] --END-- [ RunTime:0.000344s ]
INFO: [ app_begin ] --START--
INFO: Run Behavior\ReadHtmlCacheBehavior [ RunTime:0.000391s ]
INFO: [ app_begin ] --END-- [ RunTime:0.000491s ]
SQL: SHOW COLUMNS FROM `member_info` [ RunTime:0.004973s ]
SQL: SELECT * FROM `member_info` WHERE `uid` = 1 AND `superMemberid` = 0  [ RunTime:0.004634s ]

[ 2017-06-23T14:02:19+08:00 ] 36.24.82.121 /htb/index.php/Home/accountmanage/orgManage
INFO: [ app_init ] --START--
INFO: Run Behavior\BuildLiteBehavior [ RunTime:0.000015s ]
INFO: [ app_init ] --END-- [ RunTime:0.000324s ]
INFO: [ app_begin ] --START--
INFO: Run Behavior\ReadHtmlCacheBehavior [ RunTime:0.000356s ]
INFO: [ app_begin ] --END-- [ RunTime:0.000445s ]
INFO: [ view_parse ] --START--
INFO: [ template_filter ] --START--
INFO: Run Behavior\ContentReplaceBehavior [ RunTime:0.000093s ]
INFO: [ template_filter ] --END-- [ RunTime:0.000179s ]
NOTIC: [8] Undefined index: uid /usr/local/nginx/html/htb/Application/Runtime/Cache/Home/f9fd04e5b80eba162bc53b2c40da8b70.php 第 23 行.
INFO: Run Behavior\ParseTemplateBehavior [ RunTime:0.014747s ]
INFO: [ view_parse ] --END-- [ RunTime:0.014828s ]
INFO: [ view_filter ] --START--
INFO: Run Behavior\WriteHtmlCacheBehavior [ RunTime:0.000108s ]
INFO: [ view_filter ] --END-- [ RunTime:0.000176s ]
INFO: [ app_end ] --START--
INFO: Run Behavior\ShowPageTraceBehavior [ RunTime:0.000376s ]
INFO: [ app_end ] --END-- [ RunTime:0.000458s ]

[ 2017-06-23T14:02:19+08:00 ] 36.24.82.121 /htb/index.php/Home/member/getList
INFO: [ app_init ] --START--
INFO: Run Behavior\BuildLiteBehavior [ RunTime:0.000015s ]
INFO: [ app_init ] --END-- [ RunTime:0.000328s ]
INFO: [ app_begin ] --START--
INFO: Run Behavior\ReadHtmlCacheBehavior [ RunTime:0.000349s ]
INFO: [ app_begin ] --END-- [ RunTime:0.000428s ]
SQL: SHOW COLUMNS FROM `member_info` [ RunTime:0.004031s ]
SQL: SELECT COUNT(*) AS tp_count FROM `member_info` WHERE `uid` = 1 LIMIT 1   [ RunTime:0.003466s ]
SQL: SELECT * FROM `member_info` WHERE `uid` = 1 LIMIT 0,10   [ RunTime:0.003511s ]
SQL: SHOW COLUMNS FROM `agent_info` [ RunTime:0.003874s ]
SQL: SELECT * FROM `agent_info` WHERE `memberid` = '6'  [ RunTime:0.003739s ]

[ 2017-06-23T14:02:19+08:00 ] 36.24.82.121 /htb/index.php/Home/member/getRootList
INFO: [ app_init ] --START--
INFO: Run Behavior\BuildLiteBehavior [ RunTime:0.000026s ]
INFO: [ app_init ] --END-- [ RunTime:0.000355s ]
INFO: [ app_begin ] --START--
INFO: Run Behavior\ReadHtmlCacheBehavior [ RunTime:0.000354s ]
INFO: [ app_begin ] --END-- [ RunTime:0.000449s ]
SQL: SHOW COLUMNS FROM `member_info` [ RunTime:0.004212s ]
SQL: SELECT * FROM `member_info` WHERE `uid` = 1 AND `superMemberid` = 0  [ RunTime:0.003917s ]

[ 2017-06-23T14:02:20+08:00 ] 36.24.82.121 /htb/index.php/Home/accountmanage/orgManage
INFO: [ app_init ] --START--
INFO: Run Behavior\BuildLiteBehavior [ RunTime:0.000015s ]
INFO: [ app_init ] --END-- [ RunTime:0.000323s ]
INFO: [ app_begin ] --START--
INFO: Run Behavior\ReadHtmlCacheBehavior [ RunTime:0.000353s ]
INFO: [ app_begin ] --END-- [ RunTime:0.000439s ]
INFO: [ view_parse ] --START--
INFO: [ template_filter ] --START--
INFO: Run Behavior\ContentReplaceBehavior [ RunTime:0.000094s ]
INFO: [ template_filter ] --END-- [ RunTime:0.000177s ]
NOTIC: [8] Undefined index: uid /usr/local/nginx/html/htb/Application/Runtime/Cache/Home/f9fd04e5b80eba162bc53b2c40da8b70.php 第 23 行.
INFO: Run Behavior\ParseTemplateBehavior [ RunTime:0.010307s ]
INFO: [ view_parse ] --END-- [ RunTime:0.010387s ]
INFO: [ view_filter ] --START--
INFO: Run Behavior\WriteHtmlCacheBehavior [ RunTime:0.000101s ]
INFO: [ view_filter ] --END-- [ RunTime:0.000166s ]
INFO: [ app_end ] --START--
INFO: Run Behavior\ShowPageTraceBehavior [ RunTime:0.000363s ]
INFO: [ app_end ] --END-- [ RunTime:0.000440s ]

[ 2017-06-23T14:02:20+08:00 ] 36.24.82.121 /htb/index.php/Home/member/getList
INFO: [ app_init ] --START--
INFO: Run Behavior\BuildLiteBehavior [ RunTime:0.000015s ]
INFO: [ app_init ] --END-- [ RunTime:0.000329s ]
INFO: [ app_begin ] --START--
INFO: Run Behavior\ReadHtmlCacheBehavior [ RunTime:0.000351s ]
INFO: [ app_begin ] --END-- [ RunTime:0.000432s ]
SQL: SHOW COLUMNS FROM `member_info` [ RunTime:0.004442s ]
SQL: SELECT COUNT(*) AS tp_count FROM `member_info` WHERE `uid` = 1 LIMIT 1   [ RunTime:0.003751s ]
SQL: SELECT * FROM `member_info` WHERE `uid` = 1 LIMIT 0,10   [ RunTime:0.003832s ]
SQL: SHOW COLUMNS FROM `agent_info` [ RunTime:0.004271s ]
SQL: SELECT * FROM `agent_info` WHERE `memberid` = '6'  [ RunTime:0.003962s ]

[ 2017-06-23T14:02:20+08:00 ] 36.24.82.121 /htb/index.php/Home/member/getRootList
INFO: [ app_init ] --START--
INFO: Run Behavior\BuildLiteBehavior [ RunTime:0.000016s ]
INFO: [ app_init ] --END-- [ RunTime:0.000313s ]
INFO: [ app_begin ] --START--
INFO: Run Behavior\ReadHtmlCacheBehavior [ RunTime:0.000357s ]
INFO: [ app_begin ] --END-- [ RunTime:0.000437s ]
SQL: SHOW COLUMNS FROM `member_info` [ RunTime:0.003141s ]
SQL: SELECT * FROM `member_info` WHERE `uid` = 1 AND `superMemberid` = 0  [ RunTime:0.002608s ]

[ 2017-06-23T14:02:20+08:00 ] 36.24.82.121 /htb/index.php/Home/accountmanage/userManage
INFO: [ app_init ] --START--
INFO: Run Behavior\BuildLiteBehavior [ RunTime:0.000015s ]
INFO: [ app_init ] --END-- [ RunTime:0.000321s ]
INFO: [ app_begin ] --START--
INFO: Run Behavior\ReadHtmlCacheBehavior [ RunTime:0.000358s ]
INFO: [ app_begin ] --END-- [ RunTime:0.000448s ]
INFO: [ view_parse ] --START--
INFO: [ template_filter ] --START--
INFO: Run Behavior\ContentReplaceBehavior [ RunTime:0.000093s ]
INFO: [ template_filter ] --END-- [ RunTime:0.000171s ]
NOTIC: [8] Undefined index: uid /usr/local/nginx/html/htb/Application/Runtime/Cache/Home/3e346ebf2f46c8e8b2a23b58cbfd545d.php 第 24 行.
NOTIC: [8] Undefined index: uid /usr/local/nginx/html/htb/Application/Runtime/Cache/Home/3e346ebf2f46c8e8b2a23b58cbfd545d.php 第 36 行.
INFO: Run Behavior\ParseTemplateBehavior [ RunTime:0.021901s ]
INFO: [ view_parse ] --END-- [ RunTime:0.021979s ]
INFO: [ view_filter ] --START--
INFO: Run Behavior\WriteHtmlCacheBehavior [ RunTime:0.000102s ]
INFO: [ view_filter ] --END-- [ RunTime:0.000164s ]
INFO: [ app_end ] --START--
INFO: Run Behavior\ShowPageTraceBehavior [ RunTime:0.000383s ]
INFO: [ app_end ] --END-- [ RunTime:0.000464s ]

[ 2017-06-23T14:02:21+08:00 ] 36.24.82.121 /htb/index.php/Home/adminuser/getList
INFO: [ app_init ] --START--
INFO: Run Behavior\BuildLiteBehavior [ RunTime:0.000014s ]
INFO: [ app_init ] --END-- [ RunTime:0.000297s ]
INFO: [ app_begin ] --START--
INFO: Run Behavior\ReadHtmlCacheBehavior [ RunTime:0.000347s ]
INFO: [ app_begin ] --END-- [ RunTime:0.000426s ]
SQL: SHOW COLUMNS FROM `admin_user` [ RunTime:0.011914s ]
NOTIC: [8] Undefined index: starTime /usr/local/nginx/html/htb/Application/Home/Controller/AdminuserController.class.php 第 36 行.
NOTIC: [8] Undefined index: endTime /usr/local/nginx/html/htb/Application/Home/Controller/AdminuserController.class.php 第 37 行.
NOTIC: [8] Use of undefined constant id - assumed 'id' /usr/local/nginx/html/htb/Application/Home/Controller/AdminuserController.class.php 第 64 行.
SQL: SELECT COUNT(*) AS tp_count FROM `admin_user` WHERE `pid` = 1 LIMIT 1   [ RunTime:0.002324s ]
SQL: SELECT * FROM `admin_user` WHERE `pid` = 1 LIMIT 0,10   [ RunTime:0.003778s ]
SQL: SHOW COLUMNS FROM `member_info` [ RunTime:0.002894s ]
SQL: SELECT * FROM `member_info` WHERE `memberid` IN ('2','6')  [ RunTime:0.002612s ]

[ 2017-06-23T14:02:21+08:00 ] 36.24.82.121 /htb/index.php/Home/member/getList
INFO: [ app_init ] --START--
INFO: Run Behavior\BuildLiteBehavior [ RunTime:0.000016s ]
INFO: [ app_init ] --END-- [ RunTime:0.000340s ]
INFO: [ app_begin ] --START--
INFO: Run Behavior\ReadHtmlCacheBehavior [ RunTime:0.000358s ]
INFO: [ app_begin ] --END-- [ RunTime:0.000436s ]
SQL: SHOW COLUMNS FROM `member_info` [ RunTime:0.004107s ]
SQL: SELECT COUNT(*) AS tp_count FROM `member_info` WHERE `uid` = 1 LIMIT 1   [ RunTime:0.003540s ]
NOTIC: [8] Undefined index: limit /usr/local/nginx/html/htb/ThinkPHP/Library/Think/Db.class.php 第 786 行.
SQL: SELECT * FROM `member_info` WHERE `uid` = 1 LIMIT 0,20   [ RunTime:0.003495s ]
SQL: SHOW COLUMNS FROM `agent_info` [ RunTime:0.003736s ]
SQL: SELECT * FROM `agent_info` WHERE `memberid` = '6'  [ RunTime:0.003435s ]
NOTIC: [2] Division by zero /usr/local/nginx/html/htb/Application/Home/Controller/MemberController.class.php 第 62 行.

[ 2017-06-23T14:02:22+08:00 ] 36.24.82.121 /htb/index.php/Home/accountmanage/orgManage
INFO: [ app_init ] --START--
INFO: Run Behavior\BuildLiteBehavior [ RunTime:0.000015s ]
INFO: [ app_init ] --END-- [ RunTime:0.000287s ]
INFO: [ app_begin ] --START--
INFO: Run Behavior\ReadHtmlCacheBehavior [ RunTime:0.000346s ]
INFO: [ app_begin ] --END-- [ RunTime:0.000421s ]
INFO: [ view_parse ] --START--
INFO: [ template_filter ] --START--
INFO: Run Behavior\ContentReplaceBehavior [ RunTime:0.000093s ]
INFO: [ template_filter ] --END-- [ RunTime:0.000179s ]
NOTIC: [8] Undefined index: uid /usr/local/nginx/html/htb/Application/Runtime/Cache/Home/f9fd04e5b80eba162bc53b2c40da8b70.php 第 23 行.
INFO: Run Behavior\ParseTemplateBehavior [ RunTime:0.009238s ]
INFO: [ view_parse ] --END-- [ RunTime:0.009317s ]
INFO: [ view_filter ] --START--
INFO: Run Behavior\WriteHtmlCacheBehavior [ RunTime:0.000102s ]
INFO: [ view_filter ] --END-- [ RunTime:0.000165s ]
INFO: [ app_end ] --START--
INFO: Run Behavior\ShowPageTraceBehavior [ RunTime:0.000364s ]
INFO: [ app_end ] --END-- [ RunTime:0.000451s ]

[ 2017-06-23T14:02:22+08:00 ] 36.24.82.121 /htb/index.php/Home/member/getList
INFO: [ app_init ] --START--
INFO: Run Behavior\BuildLiteBehavior [ RunTime:0.000019s ]
INFO: [ app_init ] --END-- [ RunTime:0.000397s ]
INFO: [ app_begin ] --START--
INFO: Run Behavior\ReadHtmlCacheBehavior [ RunTime:0.000507s ]
INFO: [ app_begin ] --END-- [ RunTime:0.000603s ]
SQL: SHOW COLUMNS FROM `member_info` [ RunTime:0.004187s ]
SQL: SELECT COUNT(*) AS tp_count FROM `member_info` WHERE `uid` = 1 LIMIT 1   [ RunTime:0.003525s ]
SQL: SELECT * FROM `member_info` WHERE `uid` = 1 LIMIT 0,10   [ RunTime:0.003579s ]
SQL: SHOW COLUMNS FROM `agent_info` [ RunTime:0.004031s ]
SQL: SELECT * FROM `agent_info` WHERE `memberid` = '6'  [ RunTime:0.003639s ]

[ 2017-06-23T14:02:22+08:00 ] 36.24.82.121 /htb/index.php/Home/member/getRootList
INFO: [ app_init ] --START--
INFO: Run Behavior\BuildLiteBehavior [ RunTime:0.000020s ]
INFO: [ app_init ] --END-- [ RunTime:0.000385s ]
INFO: [ app_begin ] --START--
INFO: Run Behavior\ReadHtmlCacheBehavior [ RunTime:0.000375s ]
INFO: [ app_begin ] --END-- [ RunTime:0.000451s ]
SQL: SHOW COLUMNS FROM `member_info` [ RunTime:0.004078s ]
SQL: SELECT * FROM `member_info` WHERE `uid` = 1 AND `superMemberid` = 0  [ RunTime:0.003542s ]

[ 2017-06-23T14:02:23+08:00 ] 36.24.82.121 /htb/index.php/Home/accountmanage/brokerManage
INFO: [ app_init ] --START--
INFO: Run Behavior\BuildLiteBehavior [ RunTime:0.000015s ]
INFO: [ app_init ] --END-- [ RunTime:0.000293s ]
INFO: [ app_begin ] --START--
INFO: Run Behavior\ReadHtmlCacheBehavior [ RunTime:0.000345s ]
INFO: [ app_begin ] --END-- [ RunTime:0.000445s ]
INFO: [ view_parse ] --START--
INFO: [ template_filter ] --START--
INFO: Run Behavior\ContentReplaceBehavior [ RunTime:0.000085s ]
INFO: [ template_filter ] --END-- [ RunTime:0.000162s ]
NOTIC: [8] Undefined index: uid /usr/local/nginx/html/htb/Application/Runtime/Cache/Home/68aee16bc260cf2d76594576f86ca107.php 第 23 行.
INFO: Run Behavior\ParseTemplateBehavior [ RunTime:0.012172s ]
INFO: [ view_parse ] --END-- [ RunTime:0.012248s ]
INFO: [ view_filter ] --START--
INFO: Run Behavior\WriteHtmlCacheBehavior [ RunTime:0.000102s ]
INFO: [ view_filter ] --END-- [ RunTime:0.000163s ]
INFO: [ app_end ] --START--
INFO: Run Behavior\ShowPageTraceBehavior [ RunTime:0.000384s ]
INFO: [ app_end ] --END-- [ RunTime:0.000461s ]

[ 2017-06-23T14:02:23+08:00 ] 36.24.82.121 /htb/index.php/Home/agent/getList
INFO: [ app_init ] --START--
INFO: Run Behavior\BuildLiteBehavior [ RunTime:0.000015s ]
INFO: [ app_init ] --END-- [ RunTime:0.000310s ]
INFO: [ app_begin ] --START--
INFO: Run Behavior\ReadHtmlCacheBehavior [ RunTime:0.000375s ]
INFO: [ app_begin ] --END-- [ RunTime:0.000448s ]
SQL: SHOW COLUMNS FROM `member_info` [ RunTime:0.002878s ]
SQL: SHOW COLUMNS FROM `agent_info` [ RunTime:0.002659s ]
SQL: SELECT COUNT(*) AS tp_count FROM `agent_info` WHERE `uid` = '1' LIMIT 1   [ RunTime:0.002409s ]
SQL: SELECT * FROM `agent_info` WHERE `uid` = '1' LIMIT 0,10   [ RunTime:0.002521s ]
SQL: SELECT * FROM `member_info` WHERE `memberid` = 6 LIMIT 1   [ RunTime:0.002345s ]
SQL: SELECT * FROM `member_info` WHERE `memberid` = 6 LIMIT 1   [ RunTime:0.002422s ]

[ 2017-06-23T14:02:23+08:00 ] 36.24.82.121 /htb/index.php/Home/member/getList
INFO: [ app_init ] --START--
INFO: Run Behavior\BuildLiteBehavior [ RunTime:0.000015s ]
INFO: [ app_init ] --END-- [ RunTime:0.000300s ]
INFO: [ app_begin ] --START--
INFO: Run Behavior\ReadHtmlCacheBehavior [ RunTime:0.000344s ]
INFO: [ app_begin ] --END-- [ RunTime:0.000418s ]
SQL: SHOW COLUMNS FROM `member_info` [ RunTime:0.004163s ]
SQL: SELECT COUNT(*) AS tp_count FROM `member_info` WHERE `uid` = 1 LIMIT 1   [ RunTime:0.003631s ]
NOTIC: [8] Undefined index: limit /usr/local/nginx/html/htb/ThinkPHP/Library/Think/Db.class.php 第 786 行.
SQL: SELECT * FROM `member_info` WHERE `uid` = 1 LIMIT 0,20   [ RunTime:0.003551s ]
SQL: SHOW COLUMNS FROM `agent_info` [ RunTime:0.003734s ]
SQL: SELECT * FROM `agent_info` WHERE `memberid` = '6'  [ RunTime:0.003509s ]
NOTIC: [2] Division by zero /usr/local/nginx/html/htb/Application/Home/Controller/MemberController.class.php 第 62 行.

[ 2017-06-23T14:02:23+08:00 ] 36.24.82.121 /htb/index.php/Home/member/getRootList
INFO: [ app_init ] --START--
INFO: Run Behavior\BuildLiteBehavior [ RunTime:0.000014s ]
INFO: [ app_init ] --END-- [ RunTime:0.000294s ]
INFO: [ app_begin ] --START--
INFO: Run Behavior\ReadHtmlCacheBehavior [ RunTime:0.000341s ]
INFO: [ app_begin ] --END-- [ RunTime:0.000414s ]
SQL: SHOW COLUMNS FROM `member_info` [ RunTime:0.004959s ]
SQL: SELECT * FROM `member_info` WHERE `uid` = 1 AND `superMemberid` = 0  [ RunTime:0.004356s ]

[ 2017-06-23T14:08:52+08:00 ] 36.24.82.121 /htb/index.php/Home/accountmanage/brokerManage
INFO: [ app_init ] --START--
INFO: Run Behavior\BuildLiteBehavior [ RunTime:0.000014s ]
INFO: [ app_init ] --END-- [ RunTime:0.000281s ]
INFO: [ app_begin ] --START--
INFO: Run Behavior\ReadHtmlCacheBehavior [ RunTime:0.000331s ]
INFO: [ app_begin ] --END-- [ RunTime:0.000405s ]
INFO: [ view_parse ] --START--
INFO: [ template_filter ] --START--
INFO: Run Behavior\ContentReplaceBehavior [ RunTime:0.000086s ]
INFO: [ template_filter ] --END-- [ RunTime:0.000164s ]
NOTIC: [8] Undefined index: uid /usr/local/nginx/html/htb/Application/Runtime/Cache/Home/68aee16bc260cf2d76594576f86ca107.php 第 23 行.
INFO: Run Behavior\ParseTemplateBehavior [ RunTime:0.008276s ]
INFO: [ view_parse ] --END-- [ RunTime:0.008344s ]
INFO: [ view_filter ] --START--
INFO: Run Behavior\WriteHtmlCacheBehavior [ RunTime:0.000099s ]
INFO: [ view_filter ] --END-- [ RunTime:0.000160s ]
INFO: [ app_end ] --START--
INFO: Run Behavior\ShowPageTraceBehavior [ RunTime:0.000358s ]
INFO: [ app_end ] --END-- [ RunTime:0.000427s ]

[ 2017-06-23T14:08:53+08:00 ] 36.24.82.121 /htb/index.php/Home/agent/getList
INFO: [ app_init ] --START--
INFO: Run Behavior\BuildLiteBehavior [ RunTime:0.000014s ]
INFO: [ app_init ] --END-- [ RunTime:0.000284s ]
INFO: [ app_begin ] --START--
INFO: Run Behavior\ReadHtmlCacheBehavior [ RunTime:0.000365s ]
INFO: [ app_begin ] --END-- [ RunTime:0.000436s ]
SQL: SHOW COLUMNS FROM `member_info` [ RunTime:0.004366s ]
SQL: SHOW COLUMNS FROM `agent_info` [ RunTime:0.004074s ]
SQL: SELECT COUNT(*) AS tp_count FROM `agent_info` WHERE `uid` = '1' LIMIT 1   [ RunTime:0.003542s ]
SQL: SELECT * FROM `agent_info` WHERE `uid` = '1' LIMIT 0,10   [ RunTime:0.003574s ]
SQL: SELECT * FROM `member_info` WHERE `memberid` = 6 LIMIT 1   [ RunTime:0.003469s ]
SQL: SELECT * FROM `member_info` WHERE `memberid` = 6 LIMIT 1   [ RunTime:0.003542s ]

[ 2017-06-23T14:08:53+08:00 ] 36.24.82.121 /htb/index.php/Home/member/getList
INFO: [ app_init ] --START--
INFO: Run Behavior\BuildLiteBehavior [ RunTime:0.000016s ]
INFO: [ app_init ] --END-- [ RunTime:0.000385s ]
INFO: [ app_begin ] --START--
INFO: Run Behavior\ReadHtmlCacheBehavior [ RunTime:0.000351s ]
INFO: [ app_begin ] --END-- [ RunTime:0.000421s ]
SQL: SHOW COLUMNS FROM `member_info` [ RunTime:0.004454s ]
SQL: SELECT COUNT(*) AS tp_count FROM `member_info` WHERE `uid` = 1 LIMIT 1   [ RunTime:0.004423s ]
NOTIC: [8] Undefined index: limit /usr/local/nginx/html/htb/ThinkPHP/Library/Think/Db.class.php 第 786 行.
SQL: SELECT * FROM `member_info` WHERE `uid` = 1 LIMIT 0,20   [ RunTime:0.004600s ]
SQL: SHOW COLUMNS FROM `agent_info` [ RunTime:0.005071s ]
SQL: SELECT * FROM `agent_info` WHERE `memberid` = '6'  [ RunTime:0.004539s ]
NOTIC: [2] Division by zero /usr/local/nginx/html/htb/Application/Home/Controller/MemberController.class.php 第 62 行.

[ 2017-06-23T14:08:53+08:00 ] 36.24.82.121 /htb/index.php/Home/member/getRootList
INFO: [ app_init ] --START--
INFO: Run Behavior\BuildLiteBehavior [ RunTime:0.000015s ]
INFO: [ app_init ] --END-- [ RunTime:0.000294s ]
INFO: [ app_begin ] --START--
INFO: Run Behavior\ReadHtmlCacheBehavior [ RunTime:0.000350s ]
INFO: [ app_begin ] --END-- [ RunTime:0.000419s ]
SQL: SHOW COLUMNS FROM `member_info` [ RunTime:0.004166s ]
SQL: SELECT * FROM `member_info` WHERE `uid` = 1 AND `superMemberid` = 0  [ RunTime:0.003687s ]

[ 2017-06-23T14:08:54+08:00 ] 36.24.82.121 /htb/index.php/Home/accountmanage/orgManage
INFO: [ app_init ] --START--
INFO: Run Behavior\BuildLiteBehavior [ RunTime:0.000015s ]
INFO: [ app_init ] --END-- [ RunTime:0.000280s ]
INFO: [ app_begin ] --START--
INFO: Run Behavior\ReadHtmlCacheBehavior [ RunTime:0.000334s ]
INFO: [ app_begin ] --END-- [ RunTime:0.000406s ]
INFO: [ view_parse ] --START--
INFO: [ template_filter ] --START--
INFO: Run Behavior\ContentReplaceBehavior [ RunTime:0.000089s ]
INFO: [ template_filter ] --END-- [ RunTime:0.000171s ]
NOTIC: [8] Undefined index: uid /usr/local/nginx/html/htb/Application/Runtime/Cache/Home/f9fd04e5b80eba162bc53b2c40da8b70.php 第 23 行.
INFO: Run Behavior\ParseTemplateBehavior [ RunTime:0.010185s ]
INFO: [ view_parse ] --END-- [ RunTime:0.010252s ]
INFO: [ view_filter ] --START--
INFO: Run Behavior\WriteHtmlCacheBehavior [ RunTime:0.000106s ]
INFO: [ view_filter ] --END-- [ RunTime:0.000172s ]
INFO: [ app_end ] --START--
INFO: Run Behavior\ShowPageTraceBehavior [ RunTime:0.000372s ]
INFO: [ app_end ] --END-- [ RunTime:0.000451s ]

[ 2017-06-23T14:08:55+08:00 ] 36.24.82.121 /htb/index.php/Home/member/getList
INFO: [ app_init ] --START--
INFO: Run Behavior\BuildLiteBehavior [ RunTime:0.000015s ]
INFO: [ app_init ] --END-- [ RunTime:0.000322s ]
INFO: [ app_begin ] --START--
INFO: Run Behavior\ReadHtmlCacheBehavior [ RunTime:0.000336s ]
INFO: [ app_begin ] --END-- [ RunTime:0.000405s ]
SQL: SHOW COLUMNS FROM `member_info` [ RunTime:0.004428s ]
SQL: SELECT COUNT(*) AS tp_count FROM `member_info` WHERE `uid` = 1 LIMIT 1   [ RunTime:0.003658s ]
SQL: SELECT * FROM `member_info` WHERE `uid` = 1 LIMIT 0,10   [ RunTime:0.003695s ]
SQL: SHOW COLUMNS FROM `agent_info` [ RunTime:0.004226s ]
SQL: SELECT * FROM `agent_info` WHERE `memberid` = '6'  [ RunTime:0.003859s ]

[ 2017-06-23T14:08:55+08:00 ] 36.24.82.121 /htb/index.php/Home/member/getRootList
INFO: [ app_init ] --START--
INFO: Run Behavior\BuildLiteBehavior [ RunTime:0.000014s ]
INFO: [ app_init ] --END-- [ RunTime:0.000290s ]
INFO: [ app_begin ] --START--
INFO: Run Behavior\ReadHtmlCacheBehavior [ RunTime:0.000329s ]
INFO: [ app_begin ] --END-- [ RunTime:0.000396s ]
SQL: SHOW COLUMNS FROM `member_info` [ RunTime:0.003874s ]
SQL: SELECT * FROM `member_info` WHERE `uid` = 1 AND `superMemberid` = 0  [ RunTime:0.003385s ]

[ 2017-06-23T14:09:14+08:00 ] 36.24.82.121 /htb/index.php/Home/accountmanage/orgManage
INFO: [ app_init ] --START--
INFO: Run Behavior\BuildLiteBehavior [ RunTime:0.000013s ]
INFO: [ app_init ] --END-- [ RunTime:0.000285s ]
INFO: [ app_begin ] --START--
INFO: Run Behavior\ReadHtmlCacheBehavior [ RunTime:0.000328s ]
INFO: [ app_begin ] --END-- [ RunTime:0.000413s ]
INFO: [ view_parse ] --START--
INFO: [ template_filter ] --START--
INFO: Run Behavior\ContentReplaceBehavior [ RunTime:0.000093s ]
INFO: [ template_filter ] --END-- [ RunTime:0.000178s ]
NOTIC: [8] Undefined index: uid /usr/local/nginx/html/htb/Application/Runtime/Cache/Home/f9fd04e5b80eba162bc53b2c40da8b70.php 第 23 行.
INFO: Run Behavior\ParseTemplateBehavior [ RunTime:0.009321s ]
INFO: [ view_parse ] --END-- [ RunTime:0.009397s ]
INFO: [ view_filter ] --START--
INFO: Run Behavior\WriteHtmlCacheBehavior [ RunTime:0.000100s ]
INFO: [ view_filter ] --END-- [ RunTime:0.000161s ]
INFO: [ app_end ] --START--
INFO: Run Behavior\ShowPageTraceBehavior [ RunTime:0.000373s ]
INFO: [ app_end ] --END-- [ RunTime:0.000455s ]

[ 2017-06-23T14:09:15+08:00 ] 36.24.82.121 /htb/index.php/Home/member/getRootList
INFO: [ app_init ] --START--
INFO: Run Behavior\BuildLiteBehavior [ RunTime:0.000014s ]
INFO: [ app_init ] --END-- [ RunTime:0.000300s ]
INFO: [ app_begin ] --START--
INFO: Run Behavior\ReadHtmlCacheBehavior [ RunTime:0.000364s ]
INFO: [ app_begin ] --END-- [ RunTime:0.000440s ]
SQL: SHOW COLUMNS FROM `member_info` [ RunTime:0.004208s ]
SQL: SELECT * FROM `member_info` WHERE `uid` = 1 AND `superMemberid` = 0  [ RunTime:0.003776s ]

[ 2017-06-23T14:09:15+08:00 ] 36.24.82.121 /htb/index.php/Home/member/getList
INFO: [ app_init ] --START--
INFO: Run Behavior\BuildLiteBehavior [ RunTime:0.000014s ]
INFO: [ app_init ] --END-- [ RunTime:0.000298s ]
INFO: [ app_begin ] --START--
INFO: Run Behavior\ReadHtmlCacheBehavior [ RunTime:0.000354s ]
INFO: [ app_begin ] --END-- [ RunTime:0.000423s ]
SQL: SHOW COLUMNS FROM `member_info` [ RunTime:0.005287s ]
SQL: SELECT COUNT(*) AS tp_count FROM `member_info` WHERE `uid` = 1 LIMIT 1   [ RunTime:0.004105s ]
SQL: SELECT * FROM `member_info` WHERE `uid` = 1 LIMIT 0,10   [ RunTime:0.004265s ]
SQL: SHOW COLUMNS FROM `agent_info` [ RunTime:0.004421s ]
SQL: SELECT * FROM `agent_info` WHERE `memberid` = '6'  [ RunTime:0.004161s ]

[ 2017-06-23T14:09:16+08:00 ] 36.24.82.121 /htb/index.php/Home/accountmanage/userManage
INFO: [ app_init ] --START--
INFO: Run Behavior\BuildLiteBehavior [ RunTime:0.000015s ]
INFO: [ app_init ] --END-- [ RunTime:0.000276s ]
INFO: [ app_begin ] --START--
INFO: Run Behavior\ReadHtmlCacheBehavior [ RunTime:0.000331s ]
INFO: [ app_begin ] --END-- [ RunTime:0.000413s ]
INFO: [ view_parse ] --START--
INFO: [ template_filter ] --START--
INFO: Run Behavior\ContentReplaceBehavior [ RunTime:0.000093s ]
INFO: [ template_filter ] --END-- [ RunTime:0.000170s ]
NOTIC: [8] Undefined index: uid /usr/local/nginx/html/htb/Application/Runtime/Cache/Home/3e346ebf2f46c8e8b2a23b58cbfd545d.php 第 24 行.
NOTIC: [8] Undefined index: uid /usr/local/nginx/html/htb/Application/Runtime/Cache/Home/3e346ebf2f46c8e8b2a23b58cbfd545d.php 第 36 行.
INFO: Run Behavior\ParseTemplateBehavior [ RunTime:0.011224s ]
INFO: [ view_parse ] --END-- [ RunTime:0.011291s ]
INFO: [ view_filter ] --START--
INFO: Run Behavior\WriteHtmlCacheBehavior [ RunTime:0.000099s ]
INFO: [ view_filter ] --END-- [ RunTime:0.000157s ]
INFO: [ app_end ] --START--
INFO: Run Behavior\ShowPageTraceBehavior [ RunTime:0.000370s ]
INFO: [ app_end ] --END-- [ RunTime:0.000451s ]

[ 2017-06-23T14:09:16+08:00 ] 36.24.82.121 /htb/index.php/Home/member/getList
INFO: [ app_init ] --START--
INFO: Run Behavior\BuildLiteBehavior [ RunTime:0.000013s ]
INFO: [ app_init ] --END-- [ RunTime:0.000275s ]
INFO: [ app_begin ] --START--
INFO: Run Behavior\ReadHtmlCacheBehavior [ RunTime:0.000382s ]
INFO: [ app_begin ] --END-- [ RunTime:0.000457s ]
SQL: SHOW COLUMNS FROM `member_info` [ RunTime:0.004184s ]
SQL: SELECT COUNT(*) AS tp_count FROM `member_info` WHERE `uid` = 1 LIMIT 1   [ RunTime:0.003682s ]
NOTIC: [8] Undefined index: limit /usr/local/nginx/html/htb/ThinkPHP/Library/Think/Db.class.php 第 786 行.
SQL: SELECT * FROM `member_info` WHERE `uid` = 1 LIMIT 0,20   [ RunTime:0.003709s ]
SQL: SHOW COLUMNS FROM `agent_info` [ RunTime:0.004207s ]
SQL: SELECT * FROM `agent_info` WHERE `memberid` = '6'  [ RunTime:0.003890s ]
NOTIC: [2] Division by zero /usr/local/nginx/html/htb/Application/Home/Controller/MemberController.class.php 第 62 行.

[ 2017-06-23T14:09:16+08:00 ] 36.24.82.121 /htb/index.php/Home/adminuser/getList
INFO: [ app_init ] --START--
INFO: Run Behavior\BuildLiteBehavior [ RunTime:0.000013s ]
INFO: [ app_init ] --END-- [ RunTime:0.000278s ]
INFO: [ app_begin ] --START--
INFO: Run Behavior\ReadHtmlCacheBehavior [ RunTime:0.000356s ]
INFO: [ app_begin ] --END-- [ RunTime:0.000423s ]
SQL: SHOW COLUMNS FROM `admin_user` [ RunTime:0.003590s ]
NOTIC: [8] Undefined index: starTime /usr/local/nginx/html/htb/Application/Home/Controller/AdminuserController.class.php 第 36 行.
NOTIC: [8] Undefined index: endTime /usr/local/nginx/html/htb/Application/Home/Controller/AdminuserController.class.php 第 37 行.
NOTIC: [8] Use of undefined constant id - assumed 'id' /usr/local/nginx/html/htb/Application/Home/Controller/AdminuserController.class.php 第 64 行.
SQL: SELECT COUNT(*) AS tp_count FROM `admin_user` WHERE `pid` = 1 LIMIT 1   [ RunTime:0.003090s ]
SQL: SELECT * FROM `admin_user` WHERE `pid` = 1 LIMIT 0,10   [ RunTime:0.003096s ]
SQL: SHOW COLUMNS FROM `member_info` [ RunTime:0.003370s ]
SQL: SELECT * FROM `member_info` WHERE `memberid` IN ('2','6')  [ RunTime:0.003038s ]

[ 2017-06-23T14:09:17+08:00 ] 36.24.82.121 /htb/index.php/Home/accountmanage/orgManage
INFO: [ app_init ] --START--
INFO: Run Behavior\BuildLiteBehavior [ RunTime:0.000013s ]
INFO: [ app_init ] --END-- [ RunTime:0.000274s ]
INFO: [ app_begin ] --START--
INFO: Run Behavior\ReadHtmlCacheBehavior [ RunTime:0.000327s ]
INFO: [ app_begin ] --END-- [ RunTime:0.000402s ]
INFO: [ view_parse ] --START--
INFO: [ template_filter ] --START--
INFO: Run Behavior\ContentReplaceBehavior [ RunTime:0.000095s ]
INFO: [ template_filter ] --END-- [ RunTime:0.000178s ]
NOTIC: [8] Undefined index: uid /usr/local/nginx/html/htb/Application/Runtime/Cache/Home/f9fd04e5b80eba162bc53b2c40da8b70.php 第 23 行.
INFO: Run Behavior\ParseTemplateBehavior [ RunTime:0.010174s ]
INFO: [ view_parse ] --END-- [ RunTime:0.010245s ]
INFO: [ view_filter ] --START--
INFO: Run Behavior\WriteHtmlCacheBehavior [ RunTime:0.000100s ]
INFO: [ view_filter ] --END-- [ RunTime:0.000163s ]
INFO: [ app_end ] --START--
INFO: Run Behavior\ShowPageTraceBehavior [ RunTime:0.000376s ]
INFO: [ app_end ] --END-- [ RunTime:0.000459s ]

[ 2017-06-23T14:09:18+08:00 ] 36.24.82.121 /htb/index.php/Home/member/getList
INFO: [ app_init ] --START--
INFO: Run Behavior\BuildLiteBehavior [ RunTime:0.000015s ]
INFO: [ app_init ] --END-- [ RunTime:0.000286s ]
INFO: [ app_begin ] --START--
INFO: Run Behavior\ReadHtmlCacheBehavior [ RunTime:0.000338s ]
INFO: [ app_begin ] --END-- [ RunTime:0.000409s ]
SQL: SHOW COLUMNS FROM `member_info` [ RunTime:0.004390s ]
SQL: SELECT COUNT(*) AS tp_count FROM `member_info` WHERE `uid` = 1 LIMIT 1   [ RunTime:0.003699s ]
SQL: SELECT * FROM `member_info` WHERE `uid` = 1 LIMIT 0,10   [ RunTime:0.003722s ]
SQL: SHOW COLUMNS FROM `agent_info` [ RunTime:0.004187s ]
SQL: SELECT * FROM `agent_info` WHERE `memberid` = '6'  [ RunTime:0.003715s ]

[ 2017-06-23T14:09:18+08:00 ] 36.24.82.121 /htb/index.php/Home/member/getRootList
INFO: [ app_init ] --START--
INFO: Run Behavior\BuildLiteBehavior [ RunTime:0.000014s ]
INFO: [ app_init ] --END-- [ RunTime:0.000274s ]
INFO: [ app_begin ] --START--
INFO: Run Behavior\ReadHtmlCacheBehavior [ RunTime:0.000323s ]
INFO: [ app_begin ] --END-- [ RunTime:0.000390s ]
SQL: SHOW COLUMNS FROM `member_info` [ RunTime:0.003789s ]
SQL: SELECT * FROM `member_info` WHERE `uid` = 1 AND `superMemberid` = 0  [ RunTime:0.003438s ]

[ 2017-06-23T14:09:18+08:00 ] 36.24.82.121 /htb/index.php/Home/clientmanage/clientList
INFO: [ app_init ] --START--
INFO: Run Behavior\BuildLiteBehavior [ RunTime:0.000015s ]
INFO: [ app_init ] --END-- [ RunTime:0.000274s ]
INFO: [ app_begin ] --START--
INFO: Run Behavior\ReadHtmlCacheBehavior [ RunTime:0.000330s ]
INFO: [ app_begin ] --END-- [ RunTime:0.000402s ]
INFO: [ view_parse ] --START--
INFO: [ template_filter ] --START--
INFO: Run Behavior\ContentReplaceBehavior [ RunTime:0.000088s ]
INFO: [ template_filter ] --END-- [ RunTime:0.000161s ]
NOTIC: [8] Undefined index: uid /usr/local/nginx/html/htb/Application/Runtime/Cache/Home/e95e2367918c746f162d6ccd0f018de5.php 第 23 行.
INFO: Run Behavior\ParseTemplateBehavior [ RunTime:0.012221s ]
INFO: [ view_parse ] --END-- [ RunTime:0.012336s ]
INFO: [ view_filter ] --START--
INFO: Run Behavior\WriteHtmlCacheBehavior [ RunTime:0.000105s ]
INFO: [ view_filter ] --END-- [ RunTime:0.000165s ]
INFO: [ app_end ] --START--
INFO: Run Behavior\ShowPageTraceBehavior [ RunTime:0.000365s ]
INFO: [ app_end ] --END-- [ RunTime:0.000431s ]

[ 2017-06-23T14:09:19+08:00 ] 36.24.82.121 /htb/index.php/Home/user/getlist
INFO: [ app_init ] --START--
INFO: Run Behavior\BuildLiteBehavior [ RunTime:0.000013s ]
INFO: [ app_init ] --END-- [ RunTime:0.000273s ]
INFO: [ app_begin ] --START--
INFO: Run Behavior\ReadHtmlCacheBehavior [ RunTime:0.000322s ]
INFO: [ app_begin ] --END-- [ RunTime:0.000389s ]
NOTIC: [8] Undefined index: startTime /usr/local/nginx/html/htb/Application/Home/Controller/UserController.class.php 第 23 行.
NOTIC: [8] Undefined index: endTime /usr/local/nginx/html/htb/Application/Home/Controller/UserController.class.php 第 24 行.
SQL: SHOW COLUMNS FROM `user_info` [ RunTime:0.004068s ]
NOTIC: [8] Undefined variable: map /usr/local/nginx/html/htb/Application/Home/Controller/UserController.class.php 第 59 行.
SQL: SELECT COUNT(*) AS tp_count FROM `user_info` LIMIT 1   [ RunTime:0.003382s ]
NOTIC: [8] Undefined variable: map /usr/local/nginx/html/htb/Application/Home/Controller/UserController.class.php 第 61 行.
SQL: SELECT * FROM `user_info` LIMIT 0,10   [ RunTime:0.034842s ]
SQL: SHOW COLUMNS FROM `member_info` [ RunTime:0.004159s ]
SQL: SELECT * FROM `member_info` WHERE `memberid` IN ('1')  [ RunTime:0.003345s ]
SQL: SHOW COLUMNS FROM `agent_info` [ RunTime:0.003662s ]
SQL: SELECT * FROM `agent_info` WHERE `code` IN ('1')  [ RunTime:0.003219s ]
NOTIC: [2] Invalid argument supplied for foreach() /usr/local/nginx/html/htb/Application/Home/Controller/UserController.class.php 第 78 行.

[ 2017-06-23T14:09:20+08:00 ] 36.24.82.121 /htb/index.php/Home/clientmanage/chuJinSearch
INFO: [ app_init ] --START--
INFO: Run Behavior\BuildLiteBehavior [ RunTime:0.000013s ]
INFO: [ app_init ] --END-- [ RunTime:0.000273s ]
INFO: [ app_begin ] --START--
INFO: Run Behavior\ReadHtmlCacheBehavior [ RunTime:0.000344s ]
INFO: [ app_begin ] --END-- [ RunTime:0.000422s ]
INFO: [ view_parse ] --START--
INFO: [ template_filter ] --START--
INFO: Run Behavior\ContentReplaceBehavior [ RunTime:0.000082s ]
INFO: [ template_filter ] --END-- [ RunTime:0.000156s ]
NOTIC: [8] Undefined index: uid /usr/local/nginx/html/htb/Application/Runtime/Cache/Home/e9b4197ee9a2242f39d63003d88578b0.php 第 24 行.
INFO: Run Behavior\ParseTemplateBehavior [ RunTime:0.018391s ]
INFO: [ view_parse ] --END-- [ RunTime:0.018460s ]
INFO: [ view_filter ] --START--
INFO: Run Behavior\WriteHtmlCacheBehavior [ RunTime:0.000100s ]
INFO: [ view_filter ] --END-- [ RunTime:0.000166s ]
INFO: [ app_end ] --START--
INFO: Run Behavior\ShowPageTraceBehavior [ RunTime:0.000364s ]
INFO: [ app_end ] --END-- [ RunTime:0.000429s ]

[ 2017-06-23T14:09:20+08:00 ] 36.24.82.121 /htb/index.php/Home/trade/getouts
INFO: [ app_init ] --START--
INFO: Run Behavior\BuildLiteBehavior [ RunTime:0.000015s ]
INFO: [ app_init ] --END-- [ RunTime:0.000279s ]
INFO: [ app_begin ] --START--
INFO: Run Behavior\ReadHtmlCacheBehavior [ RunTime:0.000323s ]
INFO: [ app_begin ] --END-- [ RunTime:0.000389s ]
NOTIC: [8] Undefined index: startTime /usr/local/nginx/html/htb/Application/Home/Controller/TradeController.class.php 第 295 行.
NOTIC: [8] Undefined index: endTime /usr/local/nginx/html/htb/Application/Home/Controller/TradeController.class.php 第 296 行.
SQL: SHOW COLUMNS FROM `user_info` [ RunTime:0.004733s ]
SQL: SELECT * FROM `user_info`  [ RunTime:0.027124s ]
SQL: SHOW COLUMNS FROM `user_withdraw` [ RunTime:0.004830s ]
SQL: SELECT COUNT(*) AS tp_count FROM `user_withdraw` WHERE `uid` IN ('1','2','3','4','5','6','7','8','9','10','11','12','13','14','15','16','17','18','19','20','21','22','23','24','25','26','27','28','29','30','31','32','33','34','35','36','37','38','39','40','41','42','43','44','45','46','47','48','49','50','51','52','53','54','55','56','57','58','59','60','61','62','63','64','65','66','67','68','69','70','71','72','73','74','75','76','77','78','79','80','81','82','83','84','85','86','87','88','89','90','91','92','93','94','95','96','97','98','99','100','101','102','103','104','105','106','107','108','109','110','111','112','113','114','115','116','117','118','119','120','121','122','123','124','125','126','127','128','129','130','131','132','133','134','135','136','137','138','139','140','141','142','143','144','145','146','147','148','149','150','151','152','153','154','155','156','157','158','159','160','161','162','163','164','165','166','167','168','169','170','171','172','173','174','175','176','177','178','179','180','181','182','183','184','185','186','187','188','189','190','191','192','193','194','195','196','197','198','199','200','201','202','203','204','205','206','207','208','209','210','211','212','213','214','215','216','217','218','219','220','221','222','223','224','225','226','227','228','229','230','231','232','233','234','235','236','237','238','239','240','241','242','243','244','245','246','247','248','249','250','251','252','253','254','255','256','257','258','259','260','261','262','263','264','265','266','267','268','269','270','271','272','273','274','275','276','277','278','279','280','281','282','283','284','285','286','287','288','289','290','291','292','293','294','295','296','297','298','299','300','301','302','303','304','305','306','307','308','309','310','311','312','313','314','315','316','317','318','319','320','321','322','323','324','325','326','327','328','329','330','331','332','333','334','335','336','337','338','339','340','341','342','343','344','345','346','347','348','349','350','351','352','353','354','355','356','357','358','359','360','361','362','363','364','365','366','367','368','369','370','371','372','373','374','375','376','377','378','379','380','381','382','383','384','385','386','387','388','389','390','391','392','393','394','395','396','397','398','399','400','401','402','403','404','405','406','407','408','409','410','411','412','413','414','415','416','417','418','419','420','421','422','423','424','425','426','427','428','429','430','431','432','433','434','435','436','437','438','439','440','441','442','443','444','445','446','447','448','449','450','451','452','453','454','455','456','457','458','459','460','461','462','463','464','465','466','467','468','469','470','471','472','473','474','475','476','477','478','479','480','481','482','483','484','485','486','487','488','489','490','491','492','493','494','495','496','497','498','499','500','501','502','503','504','505','506','507','508','509','510','511','512','513','514','515','516','517','518','519','520','521','522','523','524','525','526','527','528','529','530','531','532','533','534','535','536','537','538','539','540','541','542','543','544','545','546','547','548','549','550','551','552','553','554','555','556','557','558','559','560','561','562','563','564','565','566','567','568') LIMIT 1   [ RunTime:0.005034s ]
SQL: SELECT * FROM `user_withdraw` WHERE `uid` IN ('1','2','3','4','5','6','7','8','9','10','11','12','13','14','15','16','17','18','19','20','21','22','23','24','25','26','27','28','29','30','31','32','33','34','35','36','37','38','39','40','41','42','43','44','45','46','47','48','49','50','51','52','53','54','55','56','57','58','59','60','61','62','63','64','65','66','67','68','69','70','71','72','73','74','75','76','77','78','79','80','81','82','83','84','85','86','87','88','89','90','91','92','93','94','95','96','97','98','99','100','101','102','103','104','105','106','107','108','109','110','111','112','113','114','115','116','117','118','119','120','121','122','123','124','125','126','127','128','129','130','131','132','133','134','135','136','137','138','139','140','141','142','143','144','145','146','147','148','149','150','151','152','153','154','155','156','157','158','159','160','161','162','163','164','165','166','167','168','169','170','171','172','173','174','175','176','177','178','179','180','181','182','183','184','185','186','187','188','189','190','191','192','193','194','195','196','197','198','199','200','201','202','203','204','205','206','207','208','209','210','211','212','213','214','215','216','217','218','219','220','221','222','223','224','225','226','227','228','229','230','231','232','233','234','235','236','237','238','239','240','241','242','243','244','245','246','247','248','249','250','251','252','253','254','255','256','257','258','259','260','261','262','263','264','265','266','267','268','269','270','271','272','273','274','275','276','277','278','279','280','281','282','283','284','285','286','287','288','289','290','291','292','293','294','295','296','297','298','299','300','301','302','303','304','305','306','307','308','309','310','311','312','313','314','315','316','317','318','319','320','321','322','323','324','325','326','327','328','329','330','331','332','333','334','335','336','337','338','339','340','341','342','343','344','345','346','347','348','349','350','351','352','353','354','355','356','357','358','359','360','361','362','363','364','365','366','367','368','369','370','371','372','373','374','375','376','377','378','379','380','381','382','383','384','385','386','387','388','389','390','391','392','393','394','395','396','397','398','399','400','401','402','403','404','405','406','407','408','409','410','411','412','413','414','415','416','417','418','419','420','421','422','423','424','425','426','427','428','429','430','431','432','433','434','435','436','437','438','439','440','441','442','443','444','445','446','447','448','449','450','451','452','453','454','455','456','457','458','459','460','461','462','463','464','465','466','467','468','469','470','471','472','473','474','475','476','477','478','479','480','481','482','483','484','485','486','487','488','489','490','491','492','493','494','495','496','497','498','499','500','501','502','503','504','505','506','507','508','509','510','511','512','513','514','515','516','517','518','519','520','521','522','523','524','525','526','527','528','529','530','531','532','533','534','535','536','537','538','539','540','541','542','543','544','545','546','547','548','549','550','551','552','553','554','555','556','557','558','559','560','561','562','563','564','565','566','567','568') ORDER BY handleTime LIMIT 0,10   [ RunTime:0.005532s ]
SQL: SELECT * FROM `user_info` WHERE `uid` = '6' LIMIT 1   [ RunTime:0.004294s ]
SQL: SELECT * FROM `user_info` WHERE `uid` = '7' LIMIT 1   [ RunTime:0.004368s ]
SQL: SELECT * FROM `user_info` WHERE `uid` = '6' LIMIT 1   [ RunTime:0.004252s ]
SQL: SELECT * FROM `user_info` WHERE `uid` = '7' LIMIT 1   [ RunTime:0.004381s ]
SQL: SELECT * FROM `user_info` WHERE `uid` = '7' LIMIT 1   [ RunTime:0.004327s ]
SQL: SELECT * FROM `user_info` WHERE `uid` = '7' LIMIT 1   [ RunTime:0.005268s ]
SQL: SELECT * FROM `user_info` WHERE `uid` = '7' LIMIT 1   [ RunTime:0.008858s ]
SQL: SELECT * FROM `user_info` WHERE `uid` = '7' LIMIT 1   [ RunTime:0.004286s ]
SQL: SELECT * FROM `user_info` WHERE `uid` = '29' LIMIT 1   [ RunTime:0.004682s ]
SQL: SELECT * FROM `user_info` WHERE `uid` = '90' LIMIT 1   [ RunTime:0.004306s ]

