[ 2017-05-26T11:11:18+08:00 ] 36.24.80.118 /
INFO: [ app_init ] --START--
INFO: Run Behavior\BuildLiteBehavior [ RunTime:0.000018s ]
INFO: [ app_init ] --END-- [ RunTime:0.000337s ]
INFO: [ app_begin ] --START--
INFO: Run Behavior\ReadHtmlCacheBehavior [ RunTime:0.000365s ]
INFO: [ app_begin ] --END-- [ RunTime:0.000451s ]

[ 2017-05-26T11:13:16+08:00 ] 36.24.80.118 /
INFO: [ app_init ] --START--
INFO: Run Behavior\BuildLiteBehavior [ RunTime:0.000016s ]
INFO: [ app_init ] --END-- [ RunTime:0.000336s ]
INFO: [ app_begin ] --START--
INFO: Run Behavior\ReadHtmlCacheBehavior [ RunTime:0.000368s ]
INFO: [ app_begin ] --END-- [ RunTime:0.000457s ]

[ 2017-05-26T11:14:00+08:00 ] 36.24.80.118 /index.php
INFO: [ app_init ] --START--
INFO: Run Behavior\BuildLiteBehavior [ RunTime:0.000015s ]
INFO: [ app_init ] --END-- [ RunTime:0.000328s ]
INFO: [ app_begin ] --START--
INFO: Run Behavior\ReadHtmlCacheBehavior [ RunTime:0.000359s ]
INFO: [ app_begin ] --END-- [ RunTime:0.000450s ]

[ 2017-05-26T11:14:03+08:00 ] 36.24.80.118 /index.php
INFO: [ app_init ] --START--
INFO: Run Behavior\BuildLiteBehavior [ RunTime:0.000015s ]
INFO: [ app_init ] --END-- [ RunTime:0.000326s ]
INFO: [ app_begin ] --START--
INFO: Run Behavior\ReadHtmlCacheBehavior [ RunTime:0.000355s ]
INFO: [ app_begin ] --END-- [ RunTime:0.000444s ]

[ 2017-05-26T11:14:46+08:00 ] 36.24.80.118 /index.php
INFO: [ app_init ] --START--
INFO: Run Behavior\BuildLiteBehavior [ RunTime:0.000015s ]
INFO: [ app_init ] --END-- [ RunTime:0.000323s ]
INFO: [ app_begin ] --START--
INFO: Run Behavior\ReadHtmlCacheBehavior [ RunTime:0.000359s ]
INFO: [ app_begin ] --END-- [ RunTime:0.000448s ]

[ 2017-05-26T11:28:56+08:00 ] 36.24.80.118 /index.php
INFO: [ app_init ] --START--
INFO: Run Behavior\BuildLiteBehavior [ RunTime:0.000015s ]
INFO: [ app_init ] --END-- [ RunTime:0.000323s ]
INFO: [ app_begin ] --START--
INFO: Run Behavior\ReadHtmlCacheBehavior [ RunTime:0.000358s ]
INFO: [ app_begin ] --END-- [ RunTime:0.000449s ]

[ 2017-05-26T11:44:39+08:00 ] 36.24.80.118 /index.php
INFO: [ app_init ] --START--
INFO: Run Behavior\BuildLiteBehavior [ RunTime:0.000016s ]
INFO: [ app_init ] --END-- [ RunTime:0.000319s ]
INFO: [ app_begin ] --START--
INFO: Run Behavior\ReadHtmlCacheBehavior [ RunTime:0.000361s ]
INFO: [ app_begin ] --END-- [ RunTime:0.000451s ]

[ 2017-05-26T12:54:05+08:00 ] 36.24.80.118 /index.php?m=Home&c=login&a=doLoginout
INFO: [ app_init ] --START--
INFO: Run Behavior\BuildLiteBehavior [ RunTime:0.000015s ]
INFO: [ app_init ] --END-- [ RunTime:0.000283s ]
INFO: [ app_begin ] --START--
INFO: Run Behavior\ReadHtmlCacheBehavior [ RunTime:0.000330s ]
INFO: [ app_begin ] --END-- [ RunTime:0.000405s ]
ERR: 非法操作:doLoginout

[ 2017-05-26T12:54:44+08:00 ] 36.24.80.118 /index.php?m=Home&c=login&a=doLoginout
INFO: [ app_init ] --START--
INFO: Run Behavior\BuildLiteBehavior [ RunTime:0.000015s ]
INFO: [ app_init ] --END-- [ RunTime:0.000315s ]
INFO: [ app_begin ] --START--
INFO: Run Behavior\ReadHtmlCacheBehavior [ RunTime:0.000361s ]
INFO: [ app_begin ] --END-- [ RunTime:0.000452s ]
ERR: 非法操作:doLoginout

[ 2017-05-26T12:54:46+08:00 ] 36.24.80.118 /index.php?m=Home&c=login&a=doLoginout
INFO: [ app_init ] --START--
INFO: Run Behavior\BuildLiteBehavior [ RunTime:0.000015s ]
INFO: [ app_init ] --END-- [ RunTime:0.000329s ]
INFO: [ app_begin ] --START--
INFO: Run Behavior\ReadHtmlCacheBehavior [ RunTime:0.000360s ]
INFO: [ app_begin ] --END-- [ RunTime:0.000449s ]
ERR: 非法操作:doLoginout

[ 2017-05-26T12:54:48+08:00 ] 36.24.80.118 /index.php?m=Home&c=login&a=doLoginout
INFO: [ app_init ] --START--
INFO: Run Behavior\BuildLiteBehavior [ RunTime:0.000014s ]
INFO: [ app_init ] --END-- [ RunTime:0.000324s ]
INFO: [ app_begin ] --START--
INFO: Run Behavior\ReadHtmlCacheBehavior [ RunTime:0.000353s ]
INFO: [ app_begin ] --END-- [ RunTime:0.000451s ]
ERR: 非法操作:doLoginout

[ 2017-05-26T12:54:51+08:00 ] 36.24.80.118 /index.php?m=Home&c=login&a=doLoginout
INFO: [ app_init ] --START--
INFO: Run Behavior\BuildLiteBehavior [ RunTime:0.000016s ]
INFO: [ app_init ] --END-- [ RunTime:0.000312s ]
INFO: [ app_begin ] --START--
INFO: Run Behavior\ReadHtmlCacheBehavior [ RunTime:0.000351s ]
INFO: [ app_begin ] --END-- [ RunTime:0.000442s ]
ERR: 非法操作:doLoginout

[ 2017-05-26T12:54:53+08:00 ] 36.24.80.118 /index.php?m=Home&c=login&a=doLoginout
INFO: [ app_init ] --START--
INFO: Run Behavior\BuildLiteBehavior [ RunTime:0.000015s ]
INFO: [ app_init ] --END-- [ RunTime:0.000324s ]
INFO: [ app_begin ] --START--
INFO: Run Behavior\ReadHtmlCacheBehavior [ RunTime:0.000355s ]
INFO: [ app_begin ] --END-- [ RunTime:0.000446s ]
ERR: 非法操作:doLoginout

[ 2017-05-26T12:54:55+08:00 ] 36.24.80.118 /index.php?m=Home&c=login&a=doLoginout
INFO: [ app_init ] --START--
INFO: Run Behavior\BuildLiteBehavior [ RunTime:0.000015s ]
INFO: [ app_init ] --END-- [ RunTime:0.000321s ]
INFO: [ app_begin ] --START--
INFO: Run Behavior\ReadHtmlCacheBehavior [ RunTime:0.000363s ]
INFO: [ app_begin ] --END-- [ RunTime:0.000456s ]
ERR: 非法操作:doLoginout

[ 2017-05-26T12:54:57+08:00 ] 36.24.80.118 /index.php?m=Home&c=login&a=doLoginout
INFO: [ app_init ] --START--
INFO: Run Behavior\BuildLiteBehavior [ RunTime:0.000013s ]
INFO: [ app_init ] --END-- [ RunTime:0.000271s ]
INFO: [ app_begin ] --START--
INFO: Run Behavior\ReadHtmlCacheBehavior [ RunTime:0.000336s ]
INFO: [ app_begin ] --END-- [ RunTime:0.000414s ]
ERR: 非法操作:doLoginout

[ 2017-05-26T12:55:18+08:00 ] 36.24.80.118 /index.php?m=Home&c=login&a=doLoginout
INFO: [ app_init ] --START--
INFO: Run Behavior\BuildLiteBehavior [ RunTime:0.000015s ]
INFO: [ app_init ] --END-- [ RunTime:0.000278s ]
INFO: [ app_begin ] --START--
INFO: Run Behavior\ReadHtmlCacheBehavior [ RunTime:0.000332s ]
INFO: [ app_begin ] --END-- [ RunTime:0.000413s ]
ERR: 非法操作:doLoginout

[ 2017-05-26T12:57:08+08:00 ] 36.24.80.118 /index.php?m=Home&c=login&a=doLoginout
INFO: [ app_init ] --START--
INFO: Run Behavior\BuildLiteBehavior [ RunTime:0.000015s ]
INFO: [ app_init ] --END-- [ RunTime:0.000281s ]
INFO: [ app_begin ] --START--
INFO: Run Behavior\ReadHtmlCacheBehavior [ RunTime:0.000332s ]
INFO: [ app_begin ] --END-- [ RunTime:0.000413s ]
ERR: 非法操作:doLoginout

[ 2017-05-26T12:57:10+08:00 ] 36.24.80.118 /index.php?m=Home&c=login&a=doLoginout
INFO: [ app_init ] --START--
INFO: Run Behavior\BuildLiteBehavior [ RunTime:0.000014s ]
INFO: [ app_init ] --END-- [ RunTime:0.000275s ]
INFO: [ app_begin ] --START--
INFO: Run Behavior\ReadHtmlCacheBehavior [ RunTime:0.000334s ]
INFO: [ app_begin ] --END-- [ RunTime:0.000413s ]
ERR: 非法操作:doLoginout

[ 2017-05-26T12:59:38+08:00 ] 36.24.80.118 /index.php
INFO: [ app_init ] --START--
INFO: Run Behavior\BuildLiteBehavior [ RunTime:0.000014s ]
INFO: [ app_init ] --END-- [ RunTime:0.000295s ]
INFO: [ app_begin ] --START--
INFO: Run Behavior\ReadHtmlCacheBehavior [ RunTime:0.000347s ]
INFO: [ app_begin ] --END-- [ RunTime:0.000434s ]

[ 2017-05-26T13:00:16+08:00 ] 36.24.80.118 /index.php
INFO: [ app_init ] --START--
INFO: Run Behavior\BuildLiteBehavior [ RunTime:0.000014s ]
INFO: [ app_init ] --END-- [ RunTime:0.000275s ]
INFO: [ app_begin ] --START--
INFO: Run Behavior\ReadHtmlCacheBehavior [ RunTime:0.000334s ]
INFO: [ app_begin ] --END-- [ RunTime:0.000406s ]

[ 2017-05-26T13:00:19+08:00 ] 36.24.80.118 /index.php
INFO: [ app_init ] --START--
INFO: Run Behavior\BuildLiteBehavior [ RunTime:0.000015s ]
INFO: [ app_init ] --END-- [ RunTime:0.000318s ]
INFO: [ app_begin ] --START--
INFO: Run Behavior\ReadHtmlCacheBehavior [ RunTime:0.000362s ]
INFO: [ app_begin ] --END-- [ RunTime:0.000452s ]

[ 2017-05-26T13:12:23+08:00 ] 183.129.160.229 /
INFO: [ app_init ] --START--
INFO: Run Behavior\BuildLiteBehavior [ RunTime:0.000017s ]
INFO: [ app_init ] --END-- [ RunTime:0.000337s ]
INFO: [ app_begin ] --START--
INFO: Run Behavior\ReadHtmlCacheBehavior [ RunTime:0.000358s ]
INFO: [ app_begin ] --END-- [ RunTime:0.000447s ]

[ 2017-05-26T13:36:44+08:00 ] 36.24.80.118 /index.php?m=Home/
INFO: [ app_init ] --START--
INFO: Run Behavior\BuildLiteBehavior [ RunTime:0.000014s ]
INFO: [ app_init ] --END-- [ RunTime:0.000284s ]
INFO: [ app_begin ] --START--
INFO: Run Behavior\ReadHtmlCacheBehavior [ RunTime:0.000342s ]
INFO: [ app_begin ] --END-- [ RunTime:0.000428s ]
ERR: 无法加载控制器:Index

[ 2017-05-26T13:36:52+08:00 ] 36.24.80.118 /index.php
INFO: [ app_init ] --START--
INFO: Run Behavior\BuildLiteBehavior [ RunTime:0.000015s ]
INFO: [ app_init ] --END-- [ RunTime:0.000275s ]
INFO: [ app_begin ] --START--
INFO: Run Behavior\ReadHtmlCacheBehavior [ RunTime:0.000329s ]
INFO: [ app_begin ] --END-- [ RunTime:0.000403s ]

[ 2017-05-26T13:37:01+08:00 ] 36.24.80.118 /index.php?m=Home&c=login&a=doLoginout
INFO: [ app_init ] --START--
INFO: Run Behavior\BuildLiteBehavior [ RunTime:0.000014s ]
INFO: [ app_init ] --END-- [ RunTime:0.000278s ]
INFO: [ app_begin ] --START--
INFO: Run Behavior\ReadHtmlCacheBehavior [ RunTime:0.000336s ]
INFO: [ app_begin ] --END-- [ RunTime:0.000422s ]
ERR: 非法操作:doLoginout

[ 2017-05-26T13:37:10+08:00 ] 36.24.80.118 /index.php?m=Home&c=login
INFO: [ app_init ] --START--
INFO: Run Behavior\BuildLiteBehavior [ RunTime:0.000014s ]
INFO: [ app_init ] --END-- [ RunTime:0.000277s ]
INFO: [ app_begin ] --START--
INFO: Run Behavior\ReadHtmlCacheBehavior [ RunTime:0.000336s ]
INFO: [ app_begin ] --END-- [ RunTime:0.000424s ]
ERR: 非法操作:index

[ 2017-05-26T13:43:13+08:00 ] 36.24.80.118 /index.php?m=Home&c=login
INFO: [ app_init ] --START--
INFO: Run Behavior\BuildLiteBehavior [ RunTime:0.000015s ]
INFO: [ app_init ] --END-- [ RunTime:0.000282s ]
INFO: [ app_begin ] --START--
INFO: Run Behavior\ReadHtmlCacheBehavior [ RunTime:0.000339s ]
INFO: [ app_begin ] --END-- [ RunTime:0.000425s ]
ERR: 非法操作:index

[ 2017-05-26T13:46:50+08:00 ] 36.24.80.118 /index.php?m=Home&c=login
INFO: [ app_init ] --START--
INFO: Run Behavior\BuildLiteBehavior [ RunTime:0.000014s ]
INFO: [ app_init ] --END-- [ RunTime:0.000285s ]
INFO: [ app_begin ] --START--
INFO: Run Behavior\ReadHtmlCacheBehavior [ RunTime:0.000333s ]
INFO: [ app_begin ] --END-- [ RunTime:0.000407s ]
ERR: 非法操作:index

[ 2017-05-26T13:46:53+08:00 ] 36.24.80.118 /index.php
INFO: [ app_init ] --START--
INFO: Run Behavior\BuildLiteBehavior [ RunTime:0.000015s ]
INFO: [ app_init ] --END-- [ RunTime:0.000275s ]
INFO: [ app_begin ] --START--
INFO: Run Behavior\ReadHtmlCacheBehavior [ RunTime:0.000328s ]
INFO: [ app_begin ] --END-- [ RunTime:0.000406s ]

[ 2017-05-26T13:46:55+08:00 ] 36.24.80.118 /index.php
INFO: [ app_init ] --START--
INFO: Run Behavior\BuildLiteBehavior [ RunTime:0.000014s ]
INFO: [ app_init ] --END-- [ RunTime:0.000280s ]
INFO: [ app_begin ] --START--
INFO: Run Behavior\ReadHtmlCacheBehavior [ RunTime:0.000330s ]
INFO: [ app_begin ] --END-- [ RunTime:0.000415s ]

[ 2017-05-26T13:46:57+08:00 ] 36.24.80.118 /index.php
INFO: [ app_init ] --START--
INFO: Run Behavior\BuildLiteBehavior [ RunTime:0.000013s ]
INFO: [ app_init ] --END-- [ RunTime:0.000283s ]
INFO: [ app_begin ] --START--
INFO: Run Behavior\ReadHtmlCacheBehavior [ RunTime:0.000333s ]
INFO: [ app_begin ] --END-- [ RunTime:0.000413s ]

[ 2017-05-26T13:53:00+08:00 ] 36.24.80.118 /index.php
INFO: [ app_init ] --START--
INFO: Run Behavior\BuildLiteBehavior [ RunTime:0.000014s ]
INFO: [ app_init ] --END-- [ RunTime:0.000280s ]
INFO: [ app_begin ] --START--
INFO: Run Behavior\ReadHtmlCacheBehavior [ RunTime:0.000326s ]
INFO: [ app_begin ] --END-- [ RunTime:0.000403s ]

[ 2017-05-26T13:55:35+08:00 ] 36.24.80.118 /index.php?m=Home&c=login&a=login
INFO: [ app_init ] --START--
INFO: Run Behavior\BuildLiteBehavior [ RunTime:0.000015s ]
INFO: [ app_init ] --END-- [ RunTime:0.000286s ]
INFO: [ app_begin ] --START--
INFO: Run Behavior\ReadHtmlCacheBehavior [ RunTime:0.000331s ]
INFO: [ app_begin ] --END-- [ RunTime:0.000411s ]

[ 2017-05-26T13:57:15+08:00 ] 36.24.80.118 /index.php?m=Home&c=login&a=login
INFO: [ app_init ] --START--
INFO: Run Behavior\BuildLiteBehavior [ RunTime:0.000014s ]
INFO: [ app_init ] --END-- [ RunTime:0.000276s ]
INFO: [ app_begin ] --START--
INFO: Run Behavior\ReadHtmlCacheBehavior [ RunTime:0.000328s ]
INFO: [ app_begin ] --END-- [ RunTime:0.000408s ]
INFO: [ view_parse ] --START--
INFO: [ template_filter ] --START--
INFO: Run Behavior\ContentReplaceBehavior [ RunTime:0.000063s ]
INFO: [ template_filter ] --END-- [ RunTime:0.000146s ]
INFO: Run Behavior\ParseTemplateBehavior [ RunTime:0.005746s ]
INFO: [ view_parse ] --END-- [ RunTime:0.005824s ]
INFO: [ view_filter ] --START--
INFO: Run Behavior\WriteHtmlCacheBehavior [ RunTime:0.000109s ]
INFO: [ view_filter ] --END-- [ RunTime:0.000175s ]
INFO: [ app_end ] --START--
INFO: Run Behavior\ShowPageTraceBehavior [ RunTime:0.000367s ]
INFO: [ app_end ] --END-- [ RunTime:0.000439s ]

[ 2017-05-26T13:59:51+08:00 ] 36.24.80.118 /index.php?m=Home&c=login&a=login
INFO: [ app_init ] --START--
INFO: Run Behavior\BuildLiteBehavior [ RunTime:0.000020s ]
INFO: [ app_init ] --END-- [ RunTime:0.000284s ]
INFO: [ app_begin ] --START--
INFO: Run Behavior\ReadHtmlCacheBehavior [ RunTime:0.000330s ]
INFO: [ app_begin ] --END-- [ RunTime:0.000404s ]
INFO: [ view_parse ] --START--
INFO: [ template_filter ] --START--
INFO: Run Behavior\ContentReplaceBehavior [ RunTime:0.000064s ]
INFO: [ template_filter ] --END-- [ RunTime:0.000149s ]
INFO: Run Behavior\ParseTemplateBehavior [ RunTime:0.005766s ]
INFO: [ view_parse ] --END-- [ RunTime:0.005842s ]
INFO: [ view_filter ] --START--
INFO: Run Behavior\WriteHtmlCacheBehavior [ RunTime:0.000098s ]
INFO: [ view_filter ] --END-- [ RunTime:0.000156s ]
INFO: [ app_end ] --START--
INFO: Run Behavior\ShowPageTraceBehavior [ RunTime:0.000370s ]
INFO: [ app_end ] --END-- [ RunTime:0.000443s ]

[ 2017-05-26T14:03:47+08:00 ] 36.24.80.118 /index.php?m=Home&c=login&a=login
INFO: [ app_init ] --START--
INFO: Run Behavior\BuildLiteBehavior [ RunTime:0.000014s ]
INFO: [ app_init ] --END-- [ RunTime:0.000277s ]
INFO: [ app_begin ] --START--
INFO: Run Behavior\ReadHtmlCacheBehavior [ RunTime:0.000330s ]
INFO: [ app_begin ] --END-- [ RunTime:0.000405s ]
INFO: [ view_parse ] --START--
INFO: [ template_filter ] --START--
INFO: Run Behavior\ContentReplaceBehavior [ RunTime:0.000065s ]
INFO: [ template_filter ] --END-- [ RunTime:0.000151s ]
INFO: Run Behavior\ParseTemplateBehavior [ RunTime:0.005800s ]
INFO: [ view_parse ] --END-- [ RunTime:0.005876s ]
INFO: [ view_filter ] --START--
INFO: Run Behavior\WriteHtmlCacheBehavior [ RunTime:0.000098s ]
INFO: [ view_filter ] --END-- [ RunTime:0.000157s ]
INFO: [ app_end ] --START--
INFO: Run Behavior\ShowPageTraceBehavior [ RunTime:0.000366s ]
INFO: [ app_end ] --END-- [ RunTime:0.000442s ]

[ 2017-05-26T14:18:02+08:00 ] 36.24.80.118 /index.php?m=Home&c=login&a=login
INFO: [ app_init ] --START--
INFO: Run Behavior\BuildLiteBehavior [ RunTime:0.000014s ]
INFO: [ app_init ] --END-- [ RunTime:0.000283s ]
INFO: [ app_begin ] --START--
INFO: Run Behavior\ReadHtmlCacheBehavior [ RunTime:0.000332s ]
INFO: [ app_begin ] --END-- [ RunTime:0.000407s ]
INFO: [ view_parse ] --START--
INFO: [ template_filter ] --START--
INFO: Run Behavior\ContentReplaceBehavior [ RunTime:0.000064s ]
INFO: [ template_filter ] --END-- [ RunTime:0.000150s ]
INFO: Run Behavior\ParseTemplateBehavior [ RunTime:0.005772s ]
INFO: [ view_parse ] --END-- [ RunTime:0.005848s ]
INFO: [ view_filter ] --START--
INFO: Run Behavior\WriteHtmlCacheBehavior [ RunTime:0.000099s ]
INFO: [ view_filter ] --END-- [ RunTime:0.000157s ]
INFO: [ app_end ] --START--
INFO: Run Behavior\ShowPageTraceBehavior [ RunTime:0.000367s ]
INFO: [ app_end ] --END-- [ RunTime:0.000439s ]

[ 2017-05-26T14:18:28+08:00 ] 36.24.80.118 /index.php/Home/login/login
INFO: [ app_init ] --START--
INFO: Run Behavior\BuildLiteBehavior [ RunTime:0.000013s ]
INFO: [ app_init ] --END-- [ RunTime:0.000282s ]
INFO: [ app_begin ] --START--
INFO: Run Behavior\ReadHtmlCacheBehavior [ RunTime:0.000329s ]
INFO: [ app_begin ] --END-- [ RunTime:0.000403s ]
INFO: [ view_parse ] --START--
INFO: [ template_filter ] --START--
INFO: Run Behavior\ContentReplaceBehavior [ RunTime:0.000063s ]
INFO: [ template_filter ] --END-- [ RunTime:0.000146s ]
INFO: Run Behavior\ParseTemplateBehavior [ RunTime:0.005727s ]
INFO: [ view_parse ] --END-- [ RunTime:0.005800s ]
INFO: [ view_filter ] --START--
INFO: Run Behavior\WriteHtmlCacheBehavior [ RunTime:0.000099s ]
INFO: [ view_filter ] --END-- [ RunTime:0.000158s ]
INFO: [ app_end ] --START--
INFO: Run Behavior\ShowPageTraceBehavior [ RunTime:0.000368s ]
INFO: [ app_end ] --END-- [ RunTime:0.000443s ]

[ 2017-05-26T14:18:52+08:00 ] 36.24.80.118 /index.php/Home//login/dologin
INFO: [ app_init ] --START--
INFO: Run Behavior\BuildLiteBehavior [ RunTime:0.000013s ]
INFO: [ app_init ] --END-- [ RunTime:0.000274s ]
INFO: [ app_begin ] --START--
INFO: Run Behavior\ReadHtmlCacheBehavior [ RunTime:0.000331s ]
INFO: [ app_begin ] --END-- [ RunTime:0.000401s ]
SQL: SHOW COLUMNS FROM `admin_user` [ RunTime:0.003305s ]
SQL: SELECT * FROM `admin_user` WHERE `uid` = 'adminuser' AND `pass` = 'e10adc3949ba59abbe56e057f20f883e' AND `status` = 0 LIMIT 1   [ RunTime:0.003022s ]

[ 2017-05-26T14:18:54+08:00 ] 36.24.80.118 /index.php/Home/accountmanage/usermanage
INFO: [ app_init ] --START--
INFO: Run Behavior\BuildLiteBehavior [ RunTime:0.000014s ]
INFO: [ app_init ] --END-- [ RunTime:0.000278s ]
INFO: [ app_begin ] --START--
INFO: Run Behavior\ReadHtmlCacheBehavior [ RunTime:0.000331s ]
INFO: [ app_begin ] --END-- [ RunTime:0.000406s ]
INFO: [ view_parse ] --START--
INFO: [ template_filter ] --START--
INFO: Run Behavior\ContentReplaceBehavior [ RunTime:0.000090s ]
INFO: [ template_filter ] --END-- [ RunTime:0.000179s ]
INFO: Run Behavior\ParseTemplateBehavior [ RunTime:0.008343s ]
INFO: [ view_parse ] --END-- [ RunTime:0.008415s ]
INFO: [ view_filter ] --START--
INFO: Run Behavior\WriteHtmlCacheBehavior [ RunTime:0.000100s ]
INFO: [ view_filter ] --END-- [ RunTime:0.000166s ]
INFO: [ app_end ] --START--
INFO: Run Behavior\ShowPageTraceBehavior [ RunTime:0.000359s ]
INFO: [ app_end ] --END-- [ RunTime:0.000433s ]

[ 2017-05-26T14:18:55+08:00 ] 36.24.80.118 /index.php/Home//member/getList
INFO: [ app_init ] --START--
INFO: Run Behavior\BuildLiteBehavior [ RunTime:0.000014s ]
INFO: [ app_init ] --END-- [ RunTime:0.000275s ]
INFO: [ app_begin ] --START--
INFO: Run Behavior\ReadHtmlCacheBehavior [ RunTime:0.000324s ]
INFO: [ app_begin ] --END-- [ RunTime:0.000392s ]
SQL: SHOW COLUMNS FROM `member_info` [ RunTime:0.003949s ]
NOTIC: [8] Undefined variable: map /usr/local/nginx/html/Application/Home/Controller/MemberController.class.php 第 30 行.
SQL: SELECT COUNT(*) AS tp_count FROM `member_info` LIMIT 1   [ RunTime:0.003373s ]
NOTIC: [8] Undefined variable: map /usr/local/nginx/html/Application/Home/Controller/MemberController.class.php 第 31 行.
NOTIC: [8] Undefined index: limit /usr/local/nginx/html/ThinkPHP/Library/Think/Db.class.php 第 786 行.
SQL: SELECT * FROM `member_info` LIMIT 0,20   [ RunTime:0.003583s ]
SQL: SELECT * FROM `member_info` WHERE `memberid` = 5 LIMIT 1   [ RunTime:0.003504s ]
NOTIC: [2] Division by zero /usr/local/nginx/html/Application/Home/Controller/MemberController.class.php 第 46 行.

[ 2017-05-26T14:18:55+08:00 ] 36.24.80.118 /index.php/Home//adminuser/getList
INFO: [ app_init ] --START--
INFO: Run Behavior\BuildLiteBehavior [ RunTime:0.000013s ]
INFO: [ app_init ] --END-- [ RunTime:0.000275s ]
INFO: [ app_begin ] --START--
INFO: Run Behavior\ReadHtmlCacheBehavior [ RunTime:0.000322s ]
INFO: [ app_begin ] --END-- [ RunTime:0.000403s ]
SQL: SHOW COLUMNS FROM `admin_user` [ RunTime:0.004724s ]
NOTIC: [8] Undefined index: starTime /usr/local/nginx/html/Application/Home/Controller/AdminuserController.class.php 第 24 行.
NOTIC: [8] Undefined index: endTime /usr/local/nginx/html/Application/Home/Controller/AdminuserController.class.php 第 25 行.
NOTIC: [8] Undefined variable: map /usr/local/nginx/html/Application/Home/Controller/AdminuserController.class.php 第 36 行.
SQL: SELECT COUNT(*) AS tp_count FROM `admin_user` LIMIT 1   [ RunTime:0.004309s ]
NOTIC: [8] Undefined variable: map /usr/local/nginx/html/Application/Home/Controller/AdminuserController.class.php 第 37 行.
SQL: SELECT * FROM `admin_user` LIMIT 0,10   [ RunTime:0.004448s ]
NOTIC: [8] Undefined index: memberid /usr/local/nginx/html/Application/Home/Controller/AdminuserController.class.php 第 39 行.
SQL: SHOW COLUMNS FROM `member_info` [ RunTime:0.004714s ]
SQL: SELECT * FROM `member_info` WHERE `memberid` = null LIMIT 1   [ RunTime:0.004326s ]
NOTIC: [8] Undefined index: memberid /usr/local/nginx/html/Application/Home/Controller/AdminuserController.class.php 第 39 行.
SQL: SELECT * FROM `member_info` WHERE `memberid` = null LIMIT 1   [ RunTime:0.004445s ]
NOTIC: [8] Undefined index: memberid /usr/local/nginx/html/Application/Home/Controller/AdminuserController.class.php 第 39 行.
SQL: SELECT * FROM `member_info` WHERE `memberid` = null LIMIT 1   [ RunTime:0.004302s ]
NOTIC: [8] Undefined index: memberid /usr/local/nginx/html/Application/Home/Controller/AdminuserController.class.php 第 39 行.
SQL: SELECT * FROM `member_info` WHERE `memberid` = null LIMIT 1   [ RunTime:0.004255s ]
NOTIC: [8] Undefined index: memberid /usr/local/nginx/html/Application/Home/Controller/AdminuserController.class.php 第 39 行.
SQL: SELECT * FROM `member_info` WHERE `memberid` = null LIMIT 1   [ RunTime:0.004293s ]
NOTIC: [8] Undefined index: memberid /usr/local/nginx/html/Application/Home/Controller/AdminuserController.class.php 第 39 行.
SQL: SELECT * FROM `member_info` WHERE `memberid` = null LIMIT 1   [ RunTime:0.004308s ]
NOTIC: [8] Undefined index: memberid /usr/local/nginx/html/Application/Home/Controller/AdminuserController.class.php 第 39 行.
SQL: SELECT * FROM `member_info` WHERE `memberid` = null LIMIT 1   [ RunTime:0.004259s ]
NOTIC: [8] Undefined index: memberid /usr/local/nginx/html/Application/Home/Controller/AdminuserController.class.php 第 39 行.
SQL: SELECT * FROM `member_info` WHERE `memberid` = null LIMIT 1   [ RunTime:0.004227s ]
NOTIC: [8] Undefined index: memberid /usr/local/nginx/html/Application/Home/Controller/AdminuserController.class.php 第 39 行.
SQL: SELECT * FROM `member_info` WHERE `memberid` = null LIMIT 1   [ RunTime:0.004292s ]
NOTIC: [8] Undefined index: memberid /usr/local/nginx/html/Application/Home/Controller/AdminuserController.class.php 第 39 行.
SQL: SELECT * FROM `member_info` WHERE `memberid` = null LIMIT 1   [ RunTime:0.004244s ]

[ 2017-05-26T14:18:58+08:00 ] 36.24.80.118 /index.php/Home/accountmanage/orgManage
INFO: [ app_init ] --START--
INFO: Run Behavior\BuildLiteBehavior [ RunTime:0.000014s ]
INFO: [ app_init ] --END-- [ RunTime:0.000279s ]
INFO: [ app_begin ] --START--
INFO: Run Behavior\ReadHtmlCacheBehavior [ RunTime:0.000337s ]
INFO: [ app_begin ] --END-- [ RunTime:0.000413s ]
INFO: [ view_parse ] --START--
INFO: [ template_filter ] --START--
INFO: Run Behavior\ContentReplaceBehavior [ RunTime:0.000085s ]
INFO: [ template_filter ] --END-- [ RunTime:0.000172s ]
INFO: Run Behavior\ParseTemplateBehavior [ RunTime:0.008060s ]
INFO: [ view_parse ] --END-- [ RunTime:0.008133s ]
INFO: [ view_filter ] --START--
INFO: Run Behavior\WriteHtmlCacheBehavior [ RunTime:0.000103s ]
INFO: [ view_filter ] --END-- [ RunTime:0.000161s ]
INFO: [ app_end ] --START--
INFO: Run Behavior\ShowPageTraceBehavior [ RunTime:0.000364s ]
INFO: [ app_end ] --END-- [ RunTime:0.000436s ]

[ 2017-05-26T14:18:59+08:00 ] 36.24.80.118 /index.php/Home//member/getList
INFO: [ app_init ] --START--
INFO: Run Behavior\BuildLiteBehavior [ RunTime:0.000014s ]
INFO: [ app_init ] --END-- [ RunTime:0.000280s ]
INFO: [ app_begin ] --START--
INFO: Run Behavior\ReadHtmlCacheBehavior [ RunTime:0.000326s ]
INFO: [ app_begin ] --END-- [ RunTime:0.000396s ]
SQL: SHOW COLUMNS FROM `member_info` [ RunTime:0.004140s ]
NOTIC: [8] Undefined variable: map /usr/local/nginx/html/Application/Home/Controller/MemberController.class.php 第 30 行.
SQL: SELECT COUNT(*) AS tp_count FROM `member_info` LIMIT 1   [ RunTime:0.003693s ]
NOTIC: [8] Undefined variable: map /usr/local/nginx/html/Application/Home/Controller/MemberController.class.php 第 31 行.
SQL: SELECT * FROM `member_info` LIMIT 0,10   [ RunTime:0.003815s ]
SQL: SELECT * FROM `member_info` WHERE `memberid` = 5 LIMIT 1   [ RunTime:0.003701s ]

[ 2017-05-26T14:18:59+08:00 ] 36.24.80.118 /index.php/Home//member/getRootList
INFO: [ app_init ] --START--
INFO: Run Behavior\BuildLiteBehavior [ RunTime:0.000014s ]
INFO: [ app_init ] --END-- [ RunTime:0.000276s ]
INFO: [ app_begin ] --START--
INFO: Run Behavior\ReadHtmlCacheBehavior [ RunTime:0.000333s ]
INFO: [ app_begin ] --END-- [ RunTime:0.000401s ]
SQL: SHOW COLUMNS FROM `member_info` [ RunTime:0.004236s ]
SQL: SELECT * FROM `member_info` WHERE ( superMemberid = 0  )  [ RunTime:0.003785s ]

[ 2017-05-26T14:18:59+08:00 ] 36.24.80.118 /index.php/Home/accountmanage/brokerManage
INFO: [ app_init ] --START--
INFO: Run Behavior\BuildLiteBehavior [ RunTime:0.000014s ]
INFO: [ app_init ] --END-- [ RunTime:0.000276s ]
INFO: [ app_begin ] --START--
INFO: Run Behavior\ReadHtmlCacheBehavior [ RunTime:0.000338s ]
INFO: [ app_begin ] --END-- [ RunTime:0.000419s ]
INFO: [ view_parse ] --START--
INFO: [ template_filter ] --START--
INFO: Run Behavior\ContentReplaceBehavior [ RunTime:0.000082s ]
INFO: [ template_filter ] --END-- [ RunTime:0.000166s ]
INFO: Run Behavior\ParseTemplateBehavior [ RunTime:0.007378s ]
INFO: [ view_parse ] --END-- [ RunTime:0.007453s ]
INFO: [ view_filter ] --START--
INFO: Run Behavior\WriteHtmlCacheBehavior [ RunTime:0.000099s ]
INFO: [ view_filter ] --END-- [ RunTime:0.000159s ]
INFO: [ app_end ] --START--
INFO: Run Behavior\ShowPageTraceBehavior [ RunTime:0.000364s ]
INFO: [ app_end ] --END-- [ RunTime:0.000439s ]

[ 2017-05-26T14:19:00+08:00 ] 36.24.80.118 /index.php/Home//member/getList
INFO: [ app_init ] --START--
INFO: Run Behavior\BuildLiteBehavior [ RunTime:0.000015s ]
INFO: [ app_init ] --END-- [ RunTime:0.000298s ]
INFO: [ app_begin ] --START--
INFO: Run Behavior\ReadHtmlCacheBehavior [ RunTime:0.000373s ]
INFO: [ app_begin ] --END-- [ RunTime:0.000459s ]
SQL: SHOW COLUMNS FROM `member_info` [ RunTime:0.003641s ]
NOTIC: [8] Undefined variable: map /usr/local/nginx/html/Application/Home/Controller/MemberController.class.php 第 30 行.
SQL: SELECT COUNT(*) AS tp_count FROM `member_info` LIMIT 1   [ RunTime:0.003249s ]
NOTIC: [8] Undefined variable: map /usr/local/nginx/html/Application/Home/Controller/MemberController.class.php 第 31 行.
NOTIC: [8] Undefined index: limit /usr/local/nginx/html/ThinkPHP/Library/Think/Db.class.php 第 786 行.
SQL: SELECT * FROM `member_info` LIMIT 0,20   [ RunTime:0.003325s ]
SQL: SELECT * FROM `member_info` WHERE `memberid` = 5 LIMIT 1   [ RunTime:0.003304s ]
NOTIC: [2] Division by zero /usr/local/nginx/html/Application/Home/Controller/MemberController.class.php 第 46 行.

[ 2017-05-26T14:19:00+08:00 ] 36.24.80.118 /index.php/Home//member/getRootList
INFO: [ app_init ] --START--
INFO: Run Behavior\BuildLiteBehavior [ RunTime:0.000027s ]
INFO: [ app_init ] --END-- [ RunTime:0.000319s ]
INFO: [ app_begin ] --START--
INFO: Run Behavior\ReadHtmlCacheBehavior [ RunTime:0.000352s ]
INFO: [ app_begin ] --END-- [ RunTime:0.000425s ]
SQL: SHOW COLUMNS FROM `member_info` [ RunTime:0.004338s ]
SQL: SELECT * FROM `member_info` WHERE ( superMemberid = 0  )  [ RunTime:0.004118s ]

[ 2017-05-26T14:19:00+08:00 ] 36.24.80.118 /index.php/Home//agent/getList
INFO: [ app_init ] --START--
INFO: Run Behavior\BuildLiteBehavior [ RunTime:0.000014s ]
INFO: [ app_init ] --END-- [ RunTime:0.000294s ]
INFO: [ app_begin ] --START--
INFO: Run Behavior\ReadHtmlCacheBehavior [ RunTime:0.000339s ]
INFO: [ app_begin ] --END-- [ RunTime:0.000409s ]
SQL: SHOW COLUMNS FROM `agent_info` [ RunTime:0.003566s ]
SQL: SHOW COLUMNS FROM `member_info` [ RunTime:0.003287s ]
NOTIC: [8] Undefined variable: map /usr/local/nginx/html/Application/Home/Controller/AgentController.class.php 第 34 行.
SQL: SELECT COUNT(*) AS tp_count FROM `agent_info` LIMIT 1   [ RunTime:0.003044s ]
NOTIC: [8] Undefined variable: map /usr/local/nginx/html/Application/Home/Controller/AgentController.class.php 第 36 行.
SQL: SELECT * FROM `agent_info` LIMIT 0,10   [ RunTime:0.003153s ]
SQL: SELECT * FROM `member_info` WHERE `memberid` = 1 LIMIT 1   [ RunTime:0.003167s ]
SQL: SELECT * FROM `member_info` WHERE `memberid` = 4 LIMIT 1   [ RunTime:0.003124s ]
SQL: SELECT * FROM `member_info` WHERE `memberid` = 4 LIMIT 1   [ RunTime:0.003117s ]
SQL: SELECT * FROM `member_info` WHERE `memberid` = 4 LIMIT 1   [ RunTime:0.003155s ]
SQL: SELECT * FROM `member_info` WHERE `memberid` = 1 LIMIT 1   [ RunTime:0.003054s ]
SQL: SELECT * FROM `member_info` WHERE `memberid` = 4 LIMIT 1   [ RunTime:0.003076s ]
SQL: SELECT * FROM `member_info` WHERE `memberid` = 10 LIMIT 1   [ RunTime:0.003244s ]
SQL: SELECT * FROM `member_info` WHERE `memberid` = 4 LIMIT 1   [ RunTime:0.003075s ]

[ 2017-05-26T14:19:00+08:00 ] 36.24.80.118 /index.php/Home/accountmanage/orgManage
INFO: [ app_init ] --START--
INFO: Run Behavior\BuildLiteBehavior [ RunTime:0.000019s ]
INFO: [ app_init ] --END-- [ RunTime:0.000404s ]
INFO: [ app_begin ] --START--
INFO: Run Behavior\ReadHtmlCacheBehavior [ RunTime:0.000504s ]
INFO: [ app_begin ] --END-- [ RunTime:0.000611s ]
INFO: [ view_parse ] --START--
INFO: [ template_filter ] --START--
INFO: Run Behavior\ContentReplaceBehavior [ RunTime:0.000084s ]
INFO: [ template_filter ] --END-- [ RunTime:0.000170s ]
INFO: Run Behavior\ParseTemplateBehavior [ RunTime:0.008170s ]
INFO: [ view_parse ] --END-- [ RunTime:0.008246s ]
INFO: [ view_filter ] --START--
INFO: Run Behavior\WriteHtmlCacheBehavior [ RunTime:0.000098s ]
INFO: [ view_filter ] --END-- [ RunTime:0.000157s ]
INFO: [ app_end ] --START--
INFO: Run Behavior\ShowPageTraceBehavior [ RunTime:0.000374s ]
INFO: [ app_end ] --END-- [ RunTime:0.000447s ]

[ 2017-05-26T14:19:01+08:00 ] 36.24.80.118 /index.php/Home//member/getList
INFO: [ app_init ] --START--
INFO: Run Behavior\BuildLiteBehavior [ RunTime:0.000015s ]
INFO: [ app_init ] --END-- [ RunTime:0.000293s ]
INFO: [ app_begin ] --START--
INFO: Run Behavior\ReadHtmlCacheBehavior [ RunTime:0.000344s ]
INFO: [ app_begin ] --END-- [ RunTime:0.000417s ]
SQL: SHOW COLUMNS FROM `member_info` [ RunTime:0.004005s ]
NOTIC: [8] Undefined variable: map /usr/local/nginx/html/Application/Home/Controller/MemberController.class.php 第 30 行.
SQL: SELECT COUNT(*) AS tp_count FROM `member_info` LIMIT 1   [ RunTime:0.003447s ]
NOTIC: [8] Undefined variable: map /usr/local/nginx/html/Application/Home/Controller/MemberController.class.php 第 31 行.
SQL: SELECT * FROM `member_info` LIMIT 0,10   [ RunTime:0.003619s ]
SQL: SELECT * FROM `member_info` WHERE `memberid` = 5 LIMIT 1   [ RunTime:0.003586s ]

[ 2017-05-26T14:19:01+08:00 ] 36.24.80.118 /index.php/Home//member/getRootList
INFO: [ app_init ] --START--
INFO: Run Behavior\BuildLiteBehavior [ RunTime:0.000016s ]
INFO: [ app_init ] --END-- [ RunTime:0.000298s ]
INFO: [ app_begin ] --START--
INFO: Run Behavior\ReadHtmlCacheBehavior [ RunTime:0.000347s ]
INFO: [ app_begin ] --END-- [ RunTime:0.000419s ]
SQL: SHOW COLUMNS FROM `member_info` [ RunTime:0.003454s ]
SQL: SELECT * FROM `member_info` WHERE ( superMemberid = 0  )  [ RunTime:0.003023s ]

[ 2017-05-26T14:19:01+08:00 ] 36.24.80.118 /index.php/Home/accountmanage/userManage
INFO: [ app_init ] --START--
INFO: Run Behavior\BuildLiteBehavior [ RunTime:0.000015s ]
INFO: [ app_init ] --END-- [ RunTime:0.000305s ]
INFO: [ app_begin ] --START--
INFO: Run Behavior\ReadHtmlCacheBehavior [ RunTime:0.000327s ]
INFO: [ app_begin ] --END-- [ RunTime:0.000402s ]
INFO: [ view_parse ] --START--
INFO: [ template_filter ] --START--
INFO: Run Behavior\ContentReplaceBehavior [ RunTime:0.000091s ]
INFO: [ template_filter ] --END-- [ RunTime:0.000178s ]
INFO: Run Behavior\ParseTemplateBehavior [ RunTime:0.008534s ]
INFO: [ view_parse ] --END-- [ RunTime:0.008607s ]
INFO: [ view_filter ] --START--
INFO: Run Behavior\WriteHtmlCacheBehavior [ RunTime:0.000100s ]
INFO: [ view_filter ] --END-- [ RunTime:0.000159s ]
INFO: [ app_end ] --START--
INFO: Run Behavior\ShowPageTraceBehavior [ RunTime:0.000367s ]
INFO: [ app_end ] --END-- [ RunTime:0.000442s ]

[ 2017-05-26T14:19:02+08:00 ] 36.24.80.118 /index.php/Home//member/getList
INFO: [ app_init ] --START--
INFO: Run Behavior\BuildLiteBehavior [ RunTime:0.000014s ]
INFO: [ app_init ] --END-- [ RunTime:0.000277s ]
INFO: [ app_begin ] --START--
INFO: Run Behavior\ReadHtmlCacheBehavior [ RunTime:0.000331s ]
INFO: [ app_begin ] --END-- [ RunTime:0.000399s ]
SQL: SHOW COLUMNS FROM `member_info` [ RunTime:0.003555s ]
NOTIC: [8] Undefined variable: map /usr/local/nginx/html/Application/Home/Controller/MemberController.class.php 第 30 行.
SQL: SELECT COUNT(*) AS tp_count FROM `member_info` LIMIT 1   [ RunTime:0.003127s ]
NOTIC: [8] Undefined variable: map /usr/local/nginx/html/Application/Home/Controller/MemberController.class.php 第 31 行.
NOTIC: [8] Undefined index: limit /usr/local/nginx/html/ThinkPHP/Library/Think/Db.class.php 第 786 行.
SQL: SELECT * FROM `member_info` LIMIT 0,20   [ RunTime:0.003196s ]
SQL: SELECT * FROM `member_info` WHERE `memberid` = 5 LIMIT 1   [ RunTime:0.003231s ]
NOTIC: [2] Division by zero /usr/local/nginx/html/Application/Home/Controller/MemberController.class.php 第 46 行.

[ 2017-05-26T14:19:02+08:00 ] 36.24.80.118 /index.php/Home//adminuser/getList
INFO: [ app_init ] --START--
INFO: Run Behavior\BuildLiteBehavior [ RunTime:0.000013s ]
INFO: [ app_init ] --END-- [ RunTime:0.000272s ]
INFO: [ app_begin ] --START--
INFO: Run Behavior\ReadHtmlCacheBehavior [ RunTime:0.000357s ]
INFO: [ app_begin ] --END-- [ RunTime:0.000443s ]
SQL: SHOW COLUMNS FROM `admin_user` [ RunTime:0.004304s ]
NOTIC: [8] Undefined index: starTime /usr/local/nginx/html/Application/Home/Controller/AdminuserController.class.php 第 24 行.
NOTIC: [8] Undefined index: endTime /usr/local/nginx/html/Application/Home/Controller/AdminuserController.class.php 第 25 行.
NOTIC: [8] Undefined variable: map /usr/local/nginx/html/Application/Home/Controller/AdminuserController.class.php 第 36 行.
SQL: SELECT COUNT(*) AS tp_count FROM `admin_user` LIMIT 1   [ RunTime:0.003886s ]
NOTIC: [8] Undefined variable: map /usr/local/nginx/html/Application/Home/Controller/AdminuserController.class.php 第 37 行.
SQL: SELECT * FROM `admin_user` LIMIT 0,10   [ RunTime:0.004032s ]
NOTIC: [8] Undefined index: memberid /usr/local/nginx/html/Application/Home/Controller/AdminuserController.class.php 第 39 行.
SQL: SHOW COLUMNS FROM `member_info` [ RunTime:0.004163s ]
SQL: SELECT * FROM `member_info` WHERE `memberid` = null LIMIT 1   [ RunTime:0.003945s ]
NOTIC: [8] Undefined index: memberid /usr/local/nginx/html/Application/Home/Controller/AdminuserController.class.php 第 39 行.
SQL: SELECT * FROM `member_info` WHERE `memberid` = null LIMIT 1   [ RunTime:0.003948s ]
NOTIC: [8] Undefined index: memberid /usr/local/nginx/html/Application/Home/Controller/AdminuserController.class.php 第 39 行.
SQL: SELECT * FROM `member_info` WHERE `memberid` = null LIMIT 1   [ RunTime:0.003885s ]
NOTIC: [8] Undefined index: memberid /usr/local/nginx/html/Application/Home/Controller/AdminuserController.class.php 第 39 行.
SQL: SELECT * FROM `member_info` WHERE `memberid` = null LIMIT 1   [ RunTime:0.003928s ]
NOTIC: [8] Undefined index: memberid /usr/local/nginx/html/Application/Home/Controller/AdminuserController.class.php 第 39 行.
SQL: SELECT * FROM `member_info` WHERE `memberid` = null LIMIT 1   [ RunTime:0.003945s ]
NOTIC: [8] Undefined index: memberid /usr/local/nginx/html/Application/Home/Controller/AdminuserController.class.php 第 39 行.
SQL: SELECT * FROM `member_info` WHERE `memberid` = null LIMIT 1   [ RunTime:0.003921s ]
NOTIC: [8] Undefined index: memberid /usr/local/nginx/html/Application/Home/Controller/AdminuserController.class.php 第 39 行.
SQL: SELECT * FROM `member_info` WHERE `memberid` = null LIMIT 1   [ RunTime:0.003950s ]
NOTIC: [8] Undefined index: memberid /usr/local/nginx/html/Application/Home/Controller/AdminuserController.class.php 第 39 行.
SQL: SELECT * FROM `member_info` WHERE `memberid` = null LIMIT 1   [ RunTime:0.003923s ]
NOTIC: [8] Undefined index: memberid /usr/local/nginx/html/Application/Home/Controller/AdminuserController.class.php 第 39 行.
SQL: SELECT * FROM `member_info` WHERE `memberid` = null LIMIT 1   [ RunTime:0.003956s ]
NOTIC: [8] Undefined index: memberid /usr/local/nginx/html/Application/Home/Controller/AdminuserController.class.php 第 39 行.
SQL: SELECT * FROM `member_info` WHERE `memberid` = null LIMIT 1   [ RunTime:0.003956s ]

[ 2017-05-26T14:19:02+08:00 ] 36.24.80.118 /index.php/Home/clientmanage/clientList
INFO: [ app_init ] --START--
INFO: Run Behavior\BuildLiteBehavior [ RunTime:0.000013s ]
INFO: [ app_init ] --END-- [ RunTime:0.000277s ]
INFO: [ app_begin ] --START--
INFO: Run Behavior\ReadHtmlCacheBehavior [ RunTime:0.000338s ]
INFO: [ app_begin ] --END-- [ RunTime:0.000415s ]
INFO: [ view_parse ] --START--
INFO: [ template_filter ] --START--
INFO: Run Behavior\ContentReplaceBehavior [ RunTime:0.000081s ]
INFO: [ template_filter ] --END-- [ RunTime:0.000168s ]
INFO: Run Behavior\ParseTemplateBehavior [ RunTime:0.006351s ]
INFO: [ view_parse ] --END-- [ RunTime:0.006423s ]
INFO: [ view_filter ] --START--
INFO: Run Behavior\WriteHtmlCacheBehavior [ RunTime:0.000098s ]
INFO: [ view_filter ] --END-- [ RunTime:0.000157s ]
INFO: [ app_end ] --START--
INFO: Run Behavior\ShowPageTraceBehavior [ RunTime:0.000361s ]
INFO: [ app_end ] --END-- [ RunTime:0.000435s ]

[ 2017-05-26T14:19:03+08:00 ] 36.24.80.118 /index.php/Home/user/getlist
INFO: [ app_init ] --START--
INFO: Run Behavior\BuildLiteBehavior [ RunTime:0.000015s ]
INFO: [ app_init ] --END-- [ RunTime:0.000272s ]
INFO: [ app_begin ] --START--
INFO: Run Behavior\ReadHtmlCacheBehavior [ RunTime:0.000328s ]
INFO: [ app_begin ] --END-- [ RunTime:0.000402s ]
SQL: SHOW COLUMNS FROM `user_info` [ RunTime:0.004022s ]
NOTIC: [8] Undefined index: startTime /usr/local/nginx/html/Application/Home/Controller/UserController.class.php 第 24 行.
NOTIC: [8] Undefined index: endTime /usr/local/nginx/html/Application/Home/Controller/UserController.class.php 第 25 行.
NOTIC: [8] Undefined variable: map /usr/local/nginx/html/Application/Home/Controller/UserController.class.php 第 36 行.
SQL: SELECT COUNT(*) AS tp_count FROM `user_info` LIMIT 1   [ RunTime:0.003484s ]
NOTIC: [8] Undefined variable: map /usr/local/nginx/html/Application/Home/Controller/UserController.class.php 第 38 行.
SQL: SELECT * FROM `user_info` LIMIT 0,10   [ RunTime:0.003693s ]

[ 2017-05-26T14:19:03+08:00 ] 36.24.80.118 /index.php/Home/countmanage/countTable
INFO: [ app_init ] --START--
INFO: Run Behavior\BuildLiteBehavior [ RunTime:0.000014s ]
INFO: [ app_init ] --END-- [ RunTime:0.000275s ]
INFO: [ app_begin ] --START--
INFO: Run Behavior\ReadHtmlCacheBehavior [ RunTime:0.000349s ]
INFO: [ app_begin ] --END-- [ RunTime:0.000443s ]
INFO: [ view_parse ] --START--
INFO: [ template_filter ] --START--
INFO: Run Behavior\ContentReplaceBehavior [ RunTime:0.000074s ]
INFO: [ template_filter ] --END-- [ RunTime:0.000158s ]
INFO: Run Behavior\ParseTemplateBehavior [ RunTime:0.005578s ]
INFO: [ view_parse ] --END-- [ RunTime:0.005650s ]
INFO: [ view_filter ] --START--
INFO: Run Behavior\WriteHtmlCacheBehavior [ RunTime:0.000095s ]
INFO: [ view_filter ] --END-- [ RunTime:0.000154s ]
INFO: [ app_end ] --START--
INFO: Run Behavior\ShowPageTraceBehavior [ RunTime:0.000355s ]
INFO: [ app_end ] --END-- [ RunTime:0.000432s ]

[ 2017-05-26T14:19:04+08:00 ] 36.24.80.118 /index.php/Home//trade/report
INFO: [ app_init ] --START--
INFO: Run Behavior\BuildLiteBehavior [ RunTime:0.000015s ]
INFO: [ app_init ] --END-- [ RunTime:0.000273s ]
INFO: [ app_begin ] --START--
INFO: Run Behavior\ReadHtmlCacheBehavior [ RunTime:0.000326s ]
INFO: [ app_begin ] --END-- [ RunTime:0.000393s ]

[ 2017-05-26T14:19:04+08:00 ] 36.24.80.118 /index.php/Home/sysmanage/pwdManage
INFO: [ app_init ] --START--
INFO: Run Behavior\BuildLiteBehavior [ RunTime:0.000014s ]
INFO: [ app_init ] --END-- [ RunTime:0.000271s ]
INFO: [ app_begin ] --START--
INFO: Run Behavior\ReadHtmlCacheBehavior [ RunTime:0.000330s ]
INFO: [ app_begin ] --END-- [ RunTime:0.000411s ]
INFO: [ view_parse ] --START--
INFO: [ template_filter ] --START--
INFO: Run Behavior\ContentReplaceBehavior [ RunTime:0.000073s ]
INFO: [ template_filter ] --END-- [ RunTime:0.000155s ]
INFO: Run Behavior\ParseTemplateBehavior [ RunTime:0.005345s ]
INFO: [ view_parse ] --END-- [ RunTime:0.005417s ]
INFO: [ view_filter ] --START--
INFO: Run Behavior\WriteHtmlCacheBehavior [ RunTime:0.000107s ]
INFO: [ view_filter ] --END-- [ RunTime:0.000168s ]
INFO: [ app_end ] --START--
INFO: Run Behavior\ShowPageTraceBehavior [ RunTime:0.000356s ]
INFO: [ app_end ] --END-- [ RunTime:0.000429s ]

[ 2017-05-26T14:19:05+08:00 ] 36.24.80.118 /index.php/Home/countmanage/countTable
INFO: [ app_init ] --START--
INFO: Run Behavior\BuildLiteBehavior [ RunTime:0.000014s ]
INFO: [ app_init ] --END-- [ RunTime:0.000269s ]
INFO: [ app_begin ] --START--
INFO: Run Behavior\ReadHtmlCacheBehavior [ RunTime:0.000324s ]
INFO: [ app_begin ] --END-- [ RunTime:0.000398s ]
INFO: [ view_parse ] --START--
INFO: [ template_filter ] --START--
INFO: Run Behavior\ContentReplaceBehavior [ RunTime:0.000074s ]
INFO: [ template_filter ] --END-- [ RunTime:0.000148s ]
INFO: Run Behavior\ParseTemplateBehavior [ RunTime:0.006225s ]
INFO: [ view_parse ] --END-- [ RunTime:0.006303s ]
INFO: [ view_filter ] --START--
INFO: Run Behavior\WriteHtmlCacheBehavior [ RunTime:0.000098s ]
INFO: [ view_filter ] --END-- [ RunTime:0.000160s ]
INFO: [ app_end ] --START--
INFO: Run Behavior\ShowPageTraceBehavior [ RunTime:0.000355s ]
INFO: [ app_end ] --END-- [ RunTime:0.000420s ]

[ 2017-05-26T14:19:05+08:00 ] 36.24.80.118 /index.php/Home//trade/report
INFO: [ app_init ] --START--
INFO: Run Behavior\BuildLiteBehavior [ RunTime:0.000013s ]
INFO: [ app_init ] --END-- [ RunTime:0.000272s ]
INFO: [ app_begin ] --START--
INFO: Run Behavior\ReadHtmlCacheBehavior [ RunTime:0.000323s ]
INFO: [ app_begin ] --END-- [ RunTime:0.000393s ]

[ 2017-05-26T14:19:05+08:00 ] 36.24.80.118 /index.php/Home/clientmanage/clientList
INFO: [ app_init ] --START--
INFO: Run Behavior\BuildLiteBehavior [ RunTime:0.000014s ]
INFO: [ app_init ] --END-- [ RunTime:0.000272s ]
INFO: [ app_begin ] --START--
INFO: Run Behavior\ReadHtmlCacheBehavior [ RunTime:0.000333s ]
INFO: [ app_begin ] --END-- [ RunTime:0.000407s ]
INFO: [ view_parse ] --START--
INFO: [ template_filter ] --START--
INFO: Run Behavior\ContentReplaceBehavior [ RunTime:0.000082s ]
INFO: [ template_filter ] --END-- [ RunTime:0.000165s ]
INFO: Run Behavior\ParseTemplateBehavior [ RunTime:0.006118s ]
INFO: [ view_parse ] --END-- [ RunTime:0.006199s ]
INFO: [ view_filter ] --START--
INFO: Run Behavior\WriteHtmlCacheBehavior [ RunTime:0.000095s ]
INFO: [ view_filter ] --END-- [ RunTime:0.000152s ]
INFO: [ app_end ] --START--
INFO: Run Behavior\ShowPageTraceBehavior [ RunTime:0.000357s ]
INFO: [ app_end ] --END-- [ RunTime:0.000428s ]

[ 2017-05-26T14:19:06+08:00 ] 36.24.80.118 /index.php/Home/user/getlist
INFO: [ app_init ] --START--
INFO: Run Behavior\BuildLiteBehavior [ RunTime:0.000014s ]
INFO: [ app_init ] --END-- [ RunTime:0.000270s ]
INFO: [ app_begin ] --START--
INFO: Run Behavior\ReadHtmlCacheBehavior [ RunTime:0.000321s ]
INFO: [ app_begin ] --END-- [ RunTime:0.000389s ]
SQL: SHOW COLUMNS FROM `user_info` [ RunTime:0.003353s ]
NOTIC: [8] Undefined index: startTime /usr/local/nginx/html/Application/Home/Controller/UserController.class.php 第 24 行.
NOTIC: [8] Undefined index: endTime /usr/local/nginx/html/Application/Home/Controller/UserController.class.php 第 25 行.
NOTIC: [8] Undefined variable: map /usr/local/nginx/html/Application/Home/Controller/UserController.class.php 第 36 行.
SQL: SELECT COUNT(*) AS tp_count FROM `user_info` LIMIT 1   [ RunTime:0.002766s ]
NOTIC: [8] Undefined variable: map /usr/local/nginx/html/Application/Home/Controller/UserController.class.php 第 38 行.
SQL: SELECT * FROM `user_info` LIMIT 0,10   [ RunTime:0.002994s ]

[ 2017-05-26T14:19:06+08:00 ] 36.24.80.118 /index.php/Home/accountmanage/usermanage
INFO: [ app_init ] --START--
INFO: Run Behavior\BuildLiteBehavior [ RunTime:0.000014s ]
INFO: [ app_init ] --END-- [ RunTime:0.000278s ]
INFO: [ app_begin ] --START--
INFO: Run Behavior\ReadHtmlCacheBehavior [ RunTime:0.000330s ]
INFO: [ app_begin ] --END-- [ RunTime:0.000402s ]
INFO: [ view_parse ] --START--
INFO: [ template_filter ] --START--
INFO: Run Behavior\ContentReplaceBehavior [ RunTime:0.000089s ]
INFO: [ template_filter ] --END-- [ RunTime:0.000172s ]
INFO: Run Behavior\ParseTemplateBehavior [ RunTime:0.008103s ]
INFO: [ view_parse ] --END-- [ RunTime:0.008172s ]
INFO: [ view_filter ] --START--
INFO: Run Behavior\WriteHtmlCacheBehavior [ RunTime:0.000097s ]
INFO: [ view_filter ] --END-- [ RunTime:0.000155s ]
INFO: [ app_end ] --START--
INFO: Run Behavior\ShowPageTraceBehavior [ RunTime:0.000384s ]
INFO: [ app_end ] --END-- [ RunTime:0.000459s ]

[ 2017-05-26T14:19:06+08:00 ] 36.24.80.118 /index.php/Home//member/getList
INFO: [ app_init ] --START--
INFO: Run Behavior\BuildLiteBehavior [ RunTime:0.000014s ]
INFO: [ app_init ] --END-- [ RunTime:0.000273s ]
INFO: [ app_begin ] --START--
INFO: Run Behavior\ReadHtmlCacheBehavior [ RunTime:0.000329s ]
INFO: [ app_begin ] --END-- [ RunTime:0.000398s ]
SQL: SHOW COLUMNS FROM `member_info` [ RunTime:0.003626s ]
NOTIC: [8] Undefined variable: map /usr/local/nginx/html/Application/Home/Controller/MemberController.class.php 第 30 行.
SQL: SELECT COUNT(*) AS tp_count FROM `member_info` LIMIT 1   [ RunTime:0.003207s ]
NOTIC: [8] Undefined variable: map /usr/local/nginx/html/Application/Home/Controller/MemberController.class.php 第 31 行.
NOTIC: [8] Undefined index: limit /usr/local/nginx/html/ThinkPHP/Library/Think/Db.class.php 第 786 行.
SQL: SELECT * FROM `member_info` LIMIT 0,20   [ RunTime:0.003315s ]
SQL: SELECT * FROM `member_info` WHERE `memberid` = 5 LIMIT 1   [ RunTime:0.003197s ]
NOTIC: [2] Division by zero /usr/local/nginx/html/Application/Home/Controller/MemberController.class.php 第 46 行.

[ 2017-05-26T14:19:06+08:00 ] 36.24.80.118 /index.php/Home//adminuser/getList
INFO: [ app_init ] --START--
INFO: Run Behavior\BuildLiteBehavior [ RunTime:0.000015s ]
INFO: [ app_init ] --END-- [ RunTime:0.000271s ]
INFO: [ app_begin ] --START--
INFO: Run Behavior\ReadHtmlCacheBehavior [ RunTime:0.000345s ]
INFO: [ app_begin ] --END-- [ RunTime:0.000417s ]
SQL: SHOW COLUMNS FROM `admin_user` [ RunTime:0.002758s ]
NOTIC: [8] Undefined index: starTime /usr/local/nginx/html/Application/Home/Controller/AdminuserController.class.php 第 24 行.
NOTIC: [8] Undefined index: endTime /usr/local/nginx/html/Application/Home/Controller/AdminuserController.class.php 第 25 行.
NOTIC: [8] Undefined variable: map /usr/local/nginx/html/Application/Home/Controller/AdminuserController.class.php 第 36 行.
SQL: SELECT COUNT(*) AS tp_count FROM `admin_user` LIMIT 1   [ RunTime:0.002398s ]
NOTIC: [8] Undefined variable: map /usr/local/nginx/html/Application/Home/Controller/AdminuserController.class.php 第 37 行.
SQL: SELECT * FROM `admin_user` LIMIT 0,10   [ RunTime:0.002533s ]
NOTIC: [8] Undefined index: memberid /usr/local/nginx/html/Application/Home/Controller/AdminuserController.class.php 第 39 行.
SQL: SHOW COLUMNS FROM `member_info` [ RunTime:0.002633s ]
SQL: SELECT * FROM `member_info` WHERE `memberid` = null LIMIT 1   [ RunTime:0.002518s ]
NOTIC: [8] Undefined index: memberid /usr/local/nginx/html/Application/Home/Controller/AdminuserController.class.php 第 39 行.
SQL: SELECT * FROM `member_info` WHERE `memberid` = null LIMIT 1   [ RunTime:0.002516s ]
NOTIC: [8] Undefined index: memberid /usr/local/nginx/html/Application/Home/Controller/AdminuserController.class.php 第 39 行.
SQL: SELECT * FROM `member_info` WHERE `memberid` = null LIMIT 1   [ RunTime:0.002449s ]
NOTIC: [8] Undefined index: memberid /usr/local/nginx/html/Application/Home/Controller/AdminuserController.class.php 第 39 行.
SQL: SELECT * FROM `member_info` WHERE `memberid` = null LIMIT 1   [ RunTime:0.002455s ]
NOTIC: [8] Undefined index: memberid /usr/local/nginx/html/Application/Home/Controller/AdminuserController.class.php 第 39 行.
SQL: SELECT * FROM `member_info` WHERE `memberid` = null LIMIT 1   [ RunTime:0.002547s ]
NOTIC: [8] Undefined index: memberid /usr/local/nginx/html/Application/Home/Controller/AdminuserController.class.php 第 39 行.
SQL: SELECT * FROM `member_info` WHERE `memberid` = null LIMIT 1   [ RunTime:0.002393s ]
NOTIC: [8] Undefined index: memberid /usr/local/nginx/html/Application/Home/Controller/AdminuserController.class.php 第 39 行.
SQL: SELECT * FROM `member_info` WHERE `memberid` = null LIMIT 1   [ RunTime:0.002465s ]
NOTIC: [8] Undefined index: memberid /usr/local/nginx/html/Application/Home/Controller/AdminuserController.class.php 第 39 行.
SQL: SELECT * FROM `member_info` WHERE `memberid` = null LIMIT 1   [ RunTime:0.002454s ]
NOTIC: [8] Undefined index: memberid /usr/local/nginx/html/Application/Home/Controller/AdminuserController.class.php 第 39 行.
SQL: SELECT * FROM `member_info` WHERE `memberid` = null LIMIT 1   [ RunTime:0.002451s ]
NOTIC: [8] Undefined index: memberid /usr/local/nginx/html/Application/Home/Controller/AdminuserController.class.php 第 39 行.
SQL: SELECT * FROM `member_info` WHERE `memberid` = null LIMIT 1   [ RunTime:0.002455s ]

[ 2017-05-26T14:38:03+08:00 ] 36.24.80.118 /index.php/Home/clientmanage/clientList
INFO: [ app_init ] --START--
INFO: Run Behavior\BuildLiteBehavior [ RunTime:0.000015s ]
INFO: [ app_init ] --END-- [ RunTime:0.000291s ]
INFO: [ app_begin ] --START--
INFO: Run Behavior\ReadHtmlCacheBehavior [ RunTime:0.000330s ]
INFO: [ app_begin ] --END-- [ RunTime:0.000409s ]
INFO: [ view_parse ] --START--
INFO: [ template_filter ] --START--
INFO: Run Behavior\ContentReplaceBehavior [ RunTime:0.000082s ]
INFO: [ template_filter ] --END-- [ RunTime:0.000180s ]
INFO: Run Behavior\ParseTemplateBehavior [ RunTime:0.007009s ]
INFO: [ view_parse ] --END-- [ RunTime:0.007081s ]
INFO: [ view_filter ] --START--
INFO: Run Behavior\WriteHtmlCacheBehavior [ RunTime:0.000098s ]
INFO: [ view_filter ] --END-- [ RunTime:0.000156s ]
INFO: [ app_end ] --START--
INFO: Run Behavior\ShowPageTraceBehavior [ RunTime:0.000375s ]
INFO: [ app_end ] --END-- [ RunTime:0.000448s ]

[ 2017-05-26T14:38:04+08:00 ] 36.24.80.118 /index.php/Home/user/getlist
INFO: [ app_init ] --START--
INFO: Run Behavior\BuildLiteBehavior [ RunTime:0.000014s ]
INFO: [ app_init ] --END-- [ RunTime:0.000280s ]
INFO: [ app_begin ] --START--
INFO: Run Behavior\ReadHtmlCacheBehavior [ RunTime:0.000324s ]
INFO: [ app_begin ] --END-- [ RunTime:0.000392s ]
SQL: SHOW COLUMNS FROM `user_info` [ RunTime:0.003752s ]
NOTIC: [8] Undefined index: startTime /usr/local/nginx/html/Application/Home/Controller/UserController.class.php 第 24 行.
NOTIC: [8] Undefined index: endTime /usr/local/nginx/html/Application/Home/Controller/UserController.class.php 第 25 行.
NOTIC: [8] Undefined variable: map /usr/local/nginx/html/Application/Home/Controller/UserController.class.php 第 36 行.
SQL: SELECT COUNT(*) AS tp_count FROM `user_info` LIMIT 1   [ RunTime:0.003292s ]
NOTIC: [8] Undefined variable: map /usr/local/nginx/html/Application/Home/Controller/UserController.class.php 第 38 行.
SQL: SELECT * FROM `user_info` LIMIT 0,10   [ RunTime:0.003223s ]

[ 2017-05-26T19:08:04+08:00 ] 47.88.85.102 /
INFO: [ app_init ] --START--
INFO: Run Behavior\BuildLiteBehavior [ RunTime:0.000016s ]
INFO: [ app_init ] --END-- [ RunTime:0.000289s ]
INFO: [ app_begin ] --START--
INFO: Run Behavior\ReadHtmlCacheBehavior [ RunTime:0.000331s ]
INFO: [ app_begin ] --END-- [ RunTime:0.000404s ]

[ 2017-05-26T20:32:15+08:00 ] 183.129.160.229 /
INFO: [ app_init ] --START--
INFO: Run Behavior\BuildLiteBehavior [ RunTime:0.000016s ]
INFO: [ app_init ] --END-- [ RunTime:0.000282s ]
INFO: [ app_begin ] --START--
INFO: Run Behavior\ReadHtmlCacheBehavior [ RunTime:0.000350s ]
INFO: [ app_begin ] --END-- [ RunTime:0.000426s ]

[ 2017-05-26T20:47:59+08:00 ] 180.234.30.124 /
INFO: [ app_init ] --START--
INFO: Run Behavior\BuildLiteBehavior [ RunTime:0.000016s ]
INFO: [ app_init ] --END-- [ RunTime:0.000283s ]
INFO: [ app_begin ] --START--
INFO: Run Behavior\ReadHtmlCacheBehavior [ RunTime:0.000341s ]
INFO: [ app_begin ] --END-- [ RunTime:0.000412s ]

