[ 2017-06-09T02:32:51+08:00 ] 47.93.127.198 /
INFO: [ app_init ] --START--
INFO: Run Behavior\BuildLiteBehavior [ RunTime:0.000015s ]
INFO: [ app_init ] --END-- [ RunTime:0.000283s ]
INFO: [ app_begin ] --START--
INFO: Run Behavior\ReadHtmlCacheBehavior [ RunTime:0.000329s ]
INFO: [ app_begin ] --END-- [ RunTime:0.000401s ]

[ 2017-06-09T04:06:10+08:00 ] 139.162.114.70 /
INFO: [ app_init ] --START--
INFO: Run Behavior\BuildLiteBehavior [ RunTime:0.000014s ]
INFO: [ app_init ] --END-- [ RunTime:0.000279s ]
INFO: [ app_begin ] --START--
INFO: Run Behavior\ReadHtmlCacheBehavior [ RunTime:0.000333s ]
INFO: [ app_begin ] --END-- [ RunTime:0.000405s ]

[ 2017-06-09T05:10:28+08:00 ] 220.181.159.73 /
INFO: [ app_init ] --START--
INFO: Run Behavior\BuildLiteBehavior [ RunTime:0.000015s ]
INFO: [ app_init ] --END-- [ RunTime:0.000289s ]
INFO: [ app_begin ] --START--
INFO: Run Behavior\ReadHtmlCacheBehavior [ RunTime:0.000329s ]
INFO: [ app_begin ] --END-- [ RunTime:0.000401s ]

[ 2017-06-09T05:22:49+08:00 ] 139.162.124.167 /
INFO: [ app_init ] --START--
INFO: Run Behavior\BuildLiteBehavior [ RunTime:0.000014s ]
INFO: [ app_init ] --END-- [ RunTime:0.000288s ]
INFO: [ app_begin ] --START--
INFO: Run Behavior\ReadHtmlCacheBehavior [ RunTime:0.000335s ]
INFO: [ app_begin ] --END-- [ RunTime:0.000408s ]

[ 2017-06-09T09:20:53+08:00 ] 139.162.114.70 /
INFO: [ app_init ] --START--
INFO: Run Behavior\BuildLiteBehavior [ RunTime:0.000015s ]
INFO: [ app_init ] --END-- [ RunTime:0.000286s ]
INFO: [ app_begin ] --START--
INFO: Run Behavior\ReadHtmlCacheBehavior [ RunTime:0.000331s ]
INFO: [ app_begin ] --END-- [ RunTime:0.000405s ]

[ 2017-06-09T14:12:29+08:00 ] 60.176.184.172 /index.php/Home/clientmanage/clientList
INFO: [ app_init ] --START--
INFO: Run Behavior\BuildLiteBehavior [ RunTime:0.000014s ]
INFO: [ app_init ] --END-- [ RunTime:0.000280s ]
INFO: [ app_begin ] --START--
INFO: Run Behavior\ReadHtmlCacheBehavior [ RunTime:0.000330s ]
INFO: [ app_begin ] --END-- [ RunTime:0.000401s ]

[ 2017-06-09T14:12:29+08:00 ] 60.176.184.172 /index.php/Home/login/login.html
INFO: [ app_init ] --START--
INFO: Run Behavior\BuildLiteBehavior [ RunTime:0.000015s ]
INFO: [ app_init ] --END-- [ RunTime:0.000274s ]
INFO: [ app_begin ] --START--
INFO: Run Behavior\ReadHtmlCacheBehavior [ RunTime:0.000330s ]
INFO: [ app_begin ] --END-- [ RunTime:0.000407s ]
INFO: [ view_parse ] --START--
INFO: [ template_filter ] --START--
INFO: Run Behavior\ContentReplaceBehavior [ RunTime:0.000065s ]
INFO: [ template_filter ] --END-- [ RunTime:0.000150s ]
INFO: Run Behavior\ParseTemplateBehavior [ RunTime:0.004941s ]
INFO: [ view_parse ] --END-- [ RunTime:0.005018s ]
INFO: [ view_filter ] --START--
INFO: Run Behavior\WriteHtmlCacheBehavior [ RunTime:0.000102s ]
INFO: [ view_filter ] --END-- [ RunTime:0.000166s ]
INFO: [ app_end ] --START--
INFO: Run Behavior\ShowPageTraceBehavior [ RunTime:0.000361s ]
INFO: [ app_end ] --END-- [ RunTime:0.000434s ]

[ 2017-06-09T14:12:38+08:00 ] 60.176.184.172 /index.php/Home/login/dologin
INFO: [ app_init ] --START--
INFO: Run Behavior\BuildLiteBehavior [ RunTime:0.000013s ]
INFO: [ app_init ] --END-- [ RunTime:0.000281s ]
INFO: [ app_begin ] --START--
INFO: Run Behavior\ReadHtmlCacheBehavior [ RunTime:0.000325s ]
INFO: [ app_begin ] --END-- [ RunTime:0.000393s ]
SQL: SHOW COLUMNS FROM `admin_user` [ RunTime:0.018348s ]
SQL: SELECT * FROM `admin_user` WHERE `uid` = 'admin123' AND `pass` = 'e10adc3949ba59abbe56e057f20f883e' AND `status` = 0 LIMIT 1   [ RunTime:0.012916s ]

[ 2017-06-09T14:12:40+08:00 ] 60.176.184.172 /index.php/Home/accountmanage/usermanage
INFO: [ app_init ] --START--
INFO: Run Behavior\BuildLiteBehavior [ RunTime:0.000013s ]
INFO: [ app_init ] --END-- [ RunTime:0.000274s ]
INFO: [ app_begin ] --START--
INFO: Run Behavior\ReadHtmlCacheBehavior [ RunTime:0.000329s ]
INFO: [ app_begin ] --END-- [ RunTime:0.000407s ]
INFO: [ view_parse ] --START--
INFO: [ template_filter ] --START--
INFO: Run Behavior\ContentReplaceBehavior [ RunTime:0.000094s ]
INFO: [ template_filter ] --END-- [ RunTime:0.000168s ]
INFO: Run Behavior\ParseTemplateBehavior [ RunTime:0.010296s ]
INFO: [ view_parse ] --END-- [ RunTime:0.010371s ]
INFO: [ view_filter ] --START--
INFO: Run Behavior\WriteHtmlCacheBehavior [ RunTime:0.000099s ]
INFO: [ view_filter ] --END-- [ RunTime:0.000159s ]
INFO: [ app_end ] --START--
INFO: Run Behavior\ShowPageTraceBehavior [ RunTime:0.000388s ]
INFO: [ app_end ] --END-- [ RunTime:0.000471s ]

[ 2017-06-09T14:12:41+08:00 ] 60.176.184.172 /index.php/Home/member/getList
INFO: [ app_init ] --START--
INFO: Run Behavior\BuildLiteBehavior [ RunTime:0.000019s ]
INFO: [ app_init ] --END-- [ RunTime:0.000398s ]
INFO: [ app_begin ] --START--
INFO: Run Behavior\ReadHtmlCacheBehavior [ RunTime:0.000485s ]
INFO: [ app_begin ] --END-- [ RunTime:0.000581s ]
SQL: SHOW COLUMNS FROM `member_info` [ RunTime:0.003837s ]
NOTIC: [8] Undefined variable: map /usr/local/nginx/html/Application/Home/Controller/MemberController.class.php 第 45 行.
SQL: SELECT COUNT(*) AS tp_count FROM `member_info` LIMIT 1   [ RunTime:0.003164s ]
NOTIC: [8] Undefined variable: map /usr/local/nginx/html/Application/Home/Controller/MemberController.class.php 第 46 行.
NOTIC: [8] Undefined index: limit /usr/local/nginx/html/ThinkPHP/Library/Think/Db.class.php 第 786 行.
SQL: SELECT * FROM `member_info` LIMIT 0,20   [ RunTime:0.014089s ]
SQL: SHOW COLUMNS FROM `agent_info` [ RunTime:0.004055s ]
SQL: SELECT * FROM `agent_info` WHERE `memberid` = '1'  [ RunTime:0.003543s ]
NOTIC: [2] Division by zero /usr/local/nginx/html/Application/Home/Controller/MemberController.class.php 第 62 行.

[ 2017-06-09T14:12:41+08:00 ] 60.176.184.172 /index.php/Home/adminuser/getList
INFO: [ app_init ] --START--
INFO: Run Behavior\BuildLiteBehavior [ RunTime:0.000019s ]
INFO: [ app_init ] --END-- [ RunTime:0.000391s ]
INFO: [ app_begin ] --START--
INFO: Run Behavior\ReadHtmlCacheBehavior [ RunTime:0.000485s ]
INFO: [ app_begin ] --END-- [ RunTime:0.000580s ]
SQL: SHOW COLUMNS FROM `admin_user` [ RunTime:0.004857s ]
NOTIC: [8] Undefined index: starTime /usr/local/nginx/html/Application/Home/Controller/AdminuserController.class.php 第 36 行.
NOTIC: [8] Undefined index: endTime /usr/local/nginx/html/Application/Home/Controller/AdminuserController.class.php 第 37 行.
SQL: SELECT COUNT(*) AS tp_count FROM `admin_user` WHERE `memberId` = 5 AND `agentId` = 70 LIMIT 1   [ RunTime:0.004178s ]
SQL: SELECT * FROM `admin_user` WHERE `memberId` = 5 AND `agentId` = 70 LIMIT 0,10   [ RunTime:0.004209s ]
SQL: SHOW COLUMNS FROM `member_info` [ RunTime:0.004574s ]
SQL: SELECT * FROM `member_info` WHERE `memberid` IN ('5')  [ RunTime:0.004191s ]

[ 2017-06-09T14:12:44+08:00 ] 60.176.184.172 /index.php/Home/member/getAgentInfo
INFO: [ app_init ] --START--
INFO: Run Behavior\BuildLiteBehavior [ RunTime:0.000014s ]
INFO: [ app_init ] --END-- [ RunTime:0.000277s ]
INFO: [ app_begin ] --START--
INFO: Run Behavior\ReadHtmlCacheBehavior [ RunTime:0.000324s ]
INFO: [ app_begin ] --END-- [ RunTime:0.000392s ]
SQL: SHOW COLUMNS FROM `agent_info` [ RunTime:0.004331s ]
SQL: SELECT * FROM `agent_info` WHERE `memberid` = '5'  [ RunTime:0.003965s ]

[ 2017-06-09T14:13:27+08:00 ] 60.176.184.172 /index.php/Home/member/getAgentInfo
INFO: [ app_init ] --START--
INFO: Run Behavior\BuildLiteBehavior [ RunTime:0.000014s ]
INFO: [ app_init ] --END-- [ RunTime:0.000276s ]
INFO: [ app_begin ] --START--
INFO: Run Behavior\ReadHtmlCacheBehavior [ RunTime:0.000333s ]
INFO: [ app_begin ] --END-- [ RunTime:0.000401s ]
SQL: SHOW COLUMNS FROM `agent_info` [ RunTime:0.005733s ]
SQL: SELECT * FROM `agent_info` WHERE `memberid` = '5'  [ RunTime:0.002767s ]

[ 2017-06-09T14:13:36+08:00 ] 60.176.184.172 /index.php/Home/member/getAgentInfo
INFO: [ app_init ] --START--
INFO: Run Behavior\BuildLiteBehavior [ RunTime:0.000013s ]
INFO: [ app_init ] --END-- [ RunTime:0.000272s ]
INFO: [ app_begin ] --START--
INFO: Run Behavior\ReadHtmlCacheBehavior [ RunTime:0.000324s ]
INFO: [ app_begin ] --END-- [ RunTime:0.000393s ]
SQL: SHOW COLUMNS FROM `agent_info` [ RunTime:0.003579s ]
SQL: SELECT * FROM `agent_info` WHERE `memberid` = '5'  [ RunTime:0.003183s ]

[ 2017-06-09T15:58:51+08:00 ] 60.176.184.172 /index.php/Home/adminuser/delUser
INFO: [ app_init ] --START--
INFO: Run Behavior\BuildLiteBehavior [ RunTime:0.000014s ]
INFO: [ app_init ] --END-- [ RunTime:0.000277s ]
INFO: [ app_begin ] --START--
INFO: Run Behavior\ReadHtmlCacheBehavior [ RunTime:0.000325s ]
INFO: [ app_begin ] --END-- [ RunTime:0.000392s ]
SQL: SHOW COLUMNS FROM `admin_user` [ RunTime:0.004111s ]
SQL: DELETE FROM `admin_user` WHERE ( id= 12 ) [ RunTime:0.016212s ]

[ 2017-06-09T15:58:51+08:00 ] 60.176.184.172 /index.php/Home/adminuser/getList
INFO: [ app_init ] --START--
INFO: Run Behavior\BuildLiteBehavior [ RunTime:0.000013s ]
INFO: [ app_init ] --END-- [ RunTime:0.000271s ]
INFO: [ app_begin ] --START--
INFO: Run Behavior\ReadHtmlCacheBehavior [ RunTime:0.000338s ]
INFO: [ app_begin ] --END-- [ RunTime:0.000408s ]
SQL: SHOW COLUMNS FROM `admin_user` [ RunTime:0.004887s ]
NOTIC: [8] Undefined index: starTime /usr/local/nginx/html/Application/Home/Controller/AdminuserController.class.php 第 36 行.
NOTIC: [8] Undefined index: endTime /usr/local/nginx/html/Application/Home/Controller/AdminuserController.class.php 第 37 行.
SQL: SELECT COUNT(*) AS tp_count FROM `admin_user` WHERE `memberId` = 5 AND `agentId` = 70 LIMIT 1   [ RunTime:0.004266s ]
SQL: SELECT * FROM `admin_user` WHERE `memberId` = 5 AND `agentId` = 70 LIMIT 0,10   [ RunTime:0.004390s ]
NOTIC: [2] Invalid argument supplied for foreach() /usr/local/nginx/html/Application/Home/Controller/AdminuserController.class.php 第 72 行.
SQL: SHOW COLUMNS FROM `member_info` [ RunTime:0.004659s ]
SQL: SELECT * FROM `member_info` WHERE `memberid` IN ()  [ RunTime:0.004153s ]
ERR: 1064:You have an error in your SQL syntax; check the manual that corresponds to your MySQL server version for the right syntax to use near ')' at line 1
 [ SQL语句 ] : SELECT * FROM `member_info` WHERE `memberid` IN () 
NOTIC: [2] Invalid argument supplied for foreach() /usr/local/nginx/html/Application/Home/Controller/AdminuserController.class.php 第 82 行.
NOTIC: [2] Invalid argument supplied for foreach() /usr/local/nginx/html/Application/Home/Controller/AdminuserController.class.php 第 86 行.

[ 2017-06-09T15:59:00+08:00 ] 60.176.184.172 /index.php/Home/accountmanage/usermanage
INFO: [ app_init ] --START--
INFO: Run Behavior\BuildLiteBehavior [ RunTime:0.000015s ]
INFO: [ app_init ] --END-- [ RunTime:0.000275s ]
INFO: [ app_begin ] --START--
INFO: Run Behavior\ReadHtmlCacheBehavior [ RunTime:0.000330s ]
INFO: [ app_begin ] --END-- [ RunTime:0.000403s ]
INFO: [ view_parse ] --START--
INFO: [ template_filter ] --START--
INFO: Run Behavior\ContentReplaceBehavior [ RunTime:0.000095s ]
INFO: [ template_filter ] --END-- [ RunTime:0.000169s ]
INFO: Run Behavior\ParseTemplateBehavior [ RunTime:0.010210s ]
INFO: [ view_parse ] --END-- [ RunTime:0.010283s ]
INFO: [ view_filter ] --START--
INFO: Run Behavior\WriteHtmlCacheBehavior [ RunTime:0.000100s ]
INFO: [ view_filter ] --END-- [ RunTime:0.000159s ]
INFO: [ app_end ] --START--
INFO: Run Behavior\ShowPageTraceBehavior [ RunTime:0.000374s ]
INFO: [ app_end ] --END-- [ RunTime:0.000455s ]

[ 2017-06-09T15:59:01+08:00 ] 60.176.184.172 /index.php/Home/adminuser/getList
INFO: [ app_init ] --START--
INFO: Run Behavior\BuildLiteBehavior [ RunTime:0.000013s ]
INFO: [ app_init ] --END-- [ RunTime:0.000271s ]
INFO: [ app_begin ] --START--
INFO: Run Behavior\ReadHtmlCacheBehavior [ RunTime:0.000350s ]
INFO: [ app_begin ] --END-- [ RunTime:0.000420s ]
SQL: SHOW COLUMNS FROM `admin_user` [ RunTime:0.004180s ]
NOTIC: [8] Undefined index: starTime /usr/local/nginx/html/Application/Home/Controller/AdminuserController.class.php 第 36 行.
NOTIC: [8] Undefined index: endTime /usr/local/nginx/html/Application/Home/Controller/AdminuserController.class.php 第 37 行.
SQL: SELECT COUNT(*) AS tp_count FROM `admin_user` WHERE `memberId` = 5 AND `agentId` = 70 LIMIT 1   [ RunTime:0.003365s ]
SQL: SELECT * FROM `admin_user` WHERE `memberId` = 5 AND `agentId` = 70 LIMIT 0,10   [ RunTime:0.003418s ]
NOTIC: [2] Invalid argument supplied for foreach() /usr/local/nginx/html/Application/Home/Controller/AdminuserController.class.php 第 72 行.
SQL: SHOW COLUMNS FROM `member_info` [ RunTime:0.003836s ]
SQL: SELECT * FROM `member_info` WHERE `memberid` IN ()  [ RunTime:0.003254s ]
ERR: 1064:You have an error in your SQL syntax; check the manual that corresponds to your MySQL server version for the right syntax to use near ')' at line 1
 [ SQL语句 ] : SELECT * FROM `member_info` WHERE `memberid` IN () 
NOTIC: [2] Invalid argument supplied for foreach() /usr/local/nginx/html/Application/Home/Controller/AdminuserController.class.php 第 82 行.
NOTIC: [2] Invalid argument supplied for foreach() /usr/local/nginx/html/Application/Home/Controller/AdminuserController.class.php 第 86 行.

[ 2017-06-09T15:59:01+08:00 ] 60.176.184.172 /index.php/Home/member/getList
INFO: [ app_init ] --START--
INFO: Run Behavior\BuildLiteBehavior [ RunTime:0.000014s ]
INFO: [ app_init ] --END-- [ RunTime:0.000275s ]
INFO: [ app_begin ] --START--
INFO: Run Behavior\ReadHtmlCacheBehavior [ RunTime:0.000355s ]
INFO: [ app_begin ] --END-- [ RunTime:0.000425s ]
SQL: SHOW COLUMNS FROM `member_info` [ RunTime:0.003025s ]
NOTIC: [8] Undefined variable: map /usr/local/nginx/html/Application/Home/Controller/MemberController.class.php 第 45 行.
SQL: SELECT COUNT(*) AS tp_count FROM `member_info` LIMIT 1   [ RunTime:0.002289s ]
NOTIC: [8] Undefined variable: map /usr/local/nginx/html/Application/Home/Controller/MemberController.class.php 第 46 行.
NOTIC: [8] Undefined index: limit /usr/local/nginx/html/ThinkPHP/Library/Think/Db.class.php 第 786 行.
SQL: SELECT * FROM `member_info` LIMIT 0,20   [ RunTime:0.069450s ]
SQL: SHOW COLUMNS FROM `agent_info` [ RunTime:0.003022s ]
SQL: SELECT * FROM `agent_info` WHERE `memberid` = '1'  [ RunTime:0.002621s ]
NOTIC: [2] Division by zero /usr/local/nginx/html/Application/Home/Controller/MemberController.class.php 第 62 行.

[ 2017-06-09T16:06:33+08:00 ] 196.52.43.59 /
INFO: [ app_init ] --START--
INFO: Run Behavior\BuildLiteBehavior [ RunTime:0.000015s ]
INFO: [ app_init ] --END-- [ RunTime:0.000288s ]
INFO: [ app_begin ] --START--
INFO: Run Behavior\ReadHtmlCacheBehavior [ RunTime:0.000331s ]
INFO: [ app_begin ] --END-- [ RunTime:0.000409s ]

[ 2017-06-09T17:43:02+08:00 ] 47.52.32.223 /
INFO: [ app_init ] --START--
INFO: Run Behavior\BuildLiteBehavior [ RunTime:0.000014s ]
INFO: [ app_init ] --END-- [ RunTime:0.000288s ]
INFO: [ app_begin ] --START--
INFO: Run Behavior\ReadHtmlCacheBehavior [ RunTime:0.000336s ]
INFO: [ app_begin ] --END-- [ RunTime:0.000418s ]

[ 2017-06-09T18:20:33+08:00 ] 47.88.191.116 /
INFO: [ app_init ] --START--
INFO: Run Behavior\BuildLiteBehavior [ RunTime:0.000016s ]
INFO: [ app_init ] --END-- [ RunTime:0.000284s ]
INFO: [ app_begin ] --START--
INFO: Run Behavior\ReadHtmlCacheBehavior [ RunTime:0.000330s ]
INFO: [ app_begin ] --END-- [ RunTime:0.000402s ]

[ 2017-06-09T19:10:43+08:00 ] 106.2.125.215 /
INFO: [ app_init ] --START--
INFO: Run Behavior\BuildLiteBehavior [ RunTime:0.000015s ]
INFO: [ app_init ] --END-- [ RunTime:0.000282s ]
INFO: [ app_begin ] --START--
INFO: Run Behavior\ReadHtmlCacheBehavior [ RunTime:0.000328s ]
INFO: [ app_begin ] --END-- [ RunTime:0.000401s ]

[ 2017-06-09T23:34:12+08:00 ] 222.186.56.40 /
INFO: [ app_init ] --START--
INFO: Run Behavior\BuildLiteBehavior [ RunTime:0.000014s ]
INFO: [ app_init ] --END-- [ RunTime:0.000279s ]
INFO: [ app_begin ] --START--
INFO: Run Behavior\ReadHtmlCacheBehavior [ RunTime:0.000328s ]
INFO: [ app_begin ] --END-- [ RunTime:0.000405s ]

